<?xml version="1.0" encoding="UTF-8"?>
<coverage generated="1662834979155" clover="3.2.0">
  <project timestamp="1662834979156" name="All files">
    <metrics statements="94" coveredstatements="85" conditionals="192" coveredconditionals="136" methods="13" coveredmethods="13" elements="299" coveredelements="234" complexity="0" loc="94" ncloc="94" packages="1" files="2" classes="2"/>
    <file name="pile.js" path="C:\Users\powel\OneDrive\Desktop\Projects\MahjongFriends\MahjongFriendsServer\Objects\pile.js">
      <metrics statements="20" coveredstatements="20" conditionals="10" coveredconditionals="9" methods="9" coveredmethods="9"/>
      <line num="4" count="14" type="stmt"/>
      <line num="5" count="14" type="stmt"/>
      <line num="9" count="14" type="cond" truecount="2" falsecount="0"/>
      <line num="10" count="2" type="stmt"/>
      <line num="11" count="200" type="cond" truecount="1" falsecount="1"/>
      <line num="17" count="412" type="stmt"/>
      <line num="22" count="2" type="stmt"/>
      <line num="23" count="2" type="stmt"/>
      <line num="24" count="200" type="stmt"/>
      <line num="29" count="1" type="stmt"/>
      <line num="30" count="99" type="stmt"/>
      <line num="31" count="99" type="stmt"/>
      <line num="32" count="99" type="stmt"/>
      <line num="33" count="99" type="stmt"/>
      <line num="38" count="2" type="stmt"/>
      <line num="42" count="2" type="stmt"/>
      <line num="46" count="2" type="stmt"/>
      <line num="50" count="2" type="stmt"/>
      <line num="51" count="107" type="cond" truecount="2" falsecount="0"/>
      <line num="52" count="104" type="cond" truecount="2" falsecount="0"/>
    </file>
    <file name="tile.js" path="C:\Users\powel\OneDrive\Desktop\Projects\MahjongFriends\MahjongFriendsServer\Objects\tile.js">
      <metrics statements="74" coveredstatements="65" conditionals="182" coveredconditionals="127" methods="4" coveredmethods="4"/>
      <line num="1" count="2" type="stmt"/>
      <line num="2" count="2" type="stmt"/>
      <line num="3" count="2" type="stmt"/>
      <line num="4" count="2" type="stmt"/>
      <line num="5" count="2" type="stmt"/>
      <line num="12" count="2" type="stmt"/>
      <line num="25" count="1225" type="cond" truecount="2" falsecount="0"/>
      <line num="26" count="1" type="stmt"/>
      <line num="28" count="1224" type="stmt"/>
      <line num="31" count="1224" type="cond" truecount="5" falsecount="0"/>
      <line num="32" count="1" type="stmt"/>
      <line num="34" count="1223" type="stmt"/>
      <line num="37" count="1223" type="cond" truecount="4" falsecount="0"/>
      <line num="38" count="1" type="stmt"/>
      <line num="40" count="1222" type="stmt"/>
      <line num="43" count="1222" type="stmt"/>
      <line num="45" count="1222" type="cond" truecount="4" falsecount="0"/>
      <line num="46" count="2" type="stmt"/>
      <line num="47" count="1220" type="cond" truecount="4" falsecount="0"/>
      <line num="48" count="2" type="stmt"/>
      <line num="49" count="1218" type="cond" truecount="4" falsecount="0"/>
      <line num="50" count="2" type="stmt"/>
      <line num="54" count="1216" type="cond" truecount="5" falsecount="0"/>
      <line num="56" count="1216" type="cond" truecount="2" falsecount="0"/>
      <line num="58" count="1216" type="cond" truecount="2" falsecount="0"/>
      <line num="60" count="1216" type="cond" truecount="2" falsecount="0"/>
      <line num="62" count="1216" type="stmt"/>
      <line num="67" count="402" type="stmt"/>
      <line num="68" count="402" type="stmt"/>
      <line num="73" count="1618" type="cond" truecount="2" falsecount="0"/>
      <line num="74" count="1316" type="cond" truecount="3" falsecount="1"/>
      <line num="75" count="1316" type="cond" truecount="3" falsecount="1"/>
      <line num="76" count="1316" type="cond" truecount="3" falsecount="1"/>
      <line num="77" count="1316" type="cond" truecount="4" falsecount="0"/>
      <line num="78" count="1315" type="cond" truecount="3" falsecount="1"/>
      <line num="79" count="1315" type="cond" truecount="4" falsecount="0"/>
      <line num="80" count="1314" type="cond" truecount="2" falsecount="2"/>
      <line num="81" count="1314" type="cond" truecount="4" falsecount="0"/>
      <line num="82" count="1313" type="cond" truecount="2" falsecount="2"/>
      <line num="83" count="1313" type="cond" truecount="2" falsecount="2"/>
      <line num="84" count="1313" type="cond" truecount="2" falsecount="2"/>
      <line num="85" count="1313" type="cond" truecount="2" falsecount="2"/>
      <line num="86" count="1313" type="cond" truecount="2" falsecount="2"/>
      <line num="87" count="1313" type="cond" truecount="2" falsecount="2"/>
      <line num="88" count="1313" type="cond" truecount="2" falsecount="2"/>
      <line num="89" count="1313" type="cond" truecount="2" falsecount="2"/>
      <line num="90" count="1313" type="cond" truecount="4" falsecount="0"/>
      <line num="91" count="1312" type="cond" truecount="4" falsecount="0"/>
      <line num="92" count="1311" type="cond" truecount="3" falsecount="1"/>
      <line num="93" count="1311" type="cond" truecount="3" falsecount="1"/>
      <line num="94" count="1311" type="cond" truecount="4" falsecount="0"/>
      <line num="95" count="1310" type="cond" truecount="2" falsecount="2"/>
      <line num="96" count="1310" type="cond" truecount="2" falsecount="2"/>
      <line num="97" count="1310" type="cond" truecount="2" falsecount="2"/>
      <line num="98" count="1310" type="cond" truecount="2" falsecount="2"/>
      <line num="99" count="1310" type="cond" truecount="4" falsecount="0"/>
      <line num="100" count="5" type="cond" truecount="3" falsecount="1"/>
      <line num="101" count="5" type="cond" truecount="3" falsecount="1"/>
      <line num="102" count="5" type="cond" truecount="4" falsecount="0"/>
      <line num="103" count="4" type="cond" truecount="3" falsecount="1"/>
      <line num="104" count="0" type="cond" truecount="0" falsecount="4"/>
      <line num="105" count="0" type="cond" truecount="0" falsecount="4"/>
      <line num="106" count="0" type="cond" truecount="0" falsecount="4"/>
      <line num="107" count="0" type="cond" truecount="0" falsecount="4"/>
      <line num="108" count="0" type="stmt"/>
      <line num="112" count="1201" type="stmt"/>
      <line num="115" count="1201" type="cond" truecount="1" falsecount="1"/>
      <line num="116" count="1201" type="stmt"/>
      <line num="117" count="0" type="cond" truecount="0" falsecount="2"/>
      <line num="118" count="0" type="stmt"/>
      <line num="120" count="0" type="stmt"/>
      <line num="123" count="1201" type="cond" truecount="3" falsecount="1"/>
      <line num="124" count="0" type="stmt"/>
      <line num="127" count="1201" type="stmt"/>
    </file>
  </project>
</coverage>
