<?xml version="1.0" encoding="UTF-8"?>
<coverage generated="1662776705396" clover="3.2.0">
  <project timestamp="1662776705396" name="All files">
    <metrics statements="94" coveredstatements="60" conditionals="185" coveredconditionals="111" methods="14" coveredmethods="5" elements="293" coveredelements="176" complexity="0" loc="94" ncloc="94" packages="1" files="2" classes="2"/>
    <file name="pile.js" path="C:\Users\powel\OneDrive\Desktop\Projects\MahjongFriends\MahjongFriendsServer\Objects\pile.js">
      <metrics statements="21" coveredstatements="3" conditionals="3" coveredconditionals="1" methods="10" coveredmethods="2"/>
      <line num="4" count="1" type="stmt"/>
      <line num="5" count="1" type="stmt"/>
      <line num="9" count="1" type="stmt"/>
      <line num="14" count="0" type="stmt"/>
      <line num="15" count="0" type="stmt"/>
      <line num="16" count="0" type="stmt"/>
      <line num="21" count="0" type="stmt"/>
      <line num="22" count="0" type="stmt"/>
      <line num="23" count="0" type="stmt"/>
      <line num="24" count="0" type="stmt"/>
      <line num="25" count="0" type="stmt"/>
      <line num="30" count="0" type="stmt"/>
      <line num="34" count="0" type="stmt"/>
      <line num="38" count="0" type="stmt"/>
      <line num="42" count="0" type="stmt"/>
      <line num="43" count="0" type="stmt"/>
      <line num="48" count="0" type="stmt"/>
      <line num="50" count="0" type="cond" truecount="0" falsecount="2"/>
      <line num="51" count="0" type="stmt"/>
      <line num="52" count="0" type="stmt"/>
      <line num="56" count="0" type="stmt"/>
    </file>
    <file name="tile.js" path="C:\Users\powel\OneDrive\Desktop\Projects\MahjongFriends\MahjongFriendsServer\Objects\tile.js">
      <metrics statements="73" coveredstatements="57" conditionals="182" coveredconditionals="110" methods="4" coveredmethods="3"/>
      <line num="1" count="2" type="stmt"/>
      <line num="2" count="2" type="stmt"/>
      <line num="3" count="2" type="stmt"/>
      <line num="4" count="2" type="stmt"/>
      <line num="6" count="2" type="stmt"/>
      <line num="14" count="2" type="stmt"/>
      <line num="27" count="14" type="cond" truecount="2" falsecount="0"/>
      <line num="28" count="1" type="stmt"/>
      <line num="30" count="13" type="stmt"/>
      <line num="33" count="13" type="cond" truecount="5" falsecount="0"/>
      <line num="34" count="1" type="stmt"/>
      <line num="36" count="12" type="stmt"/>
      <line num="39" count="12" type="cond" truecount="3" falsecount="1"/>
      <line num="40" count="0" type="stmt"/>
      <line num="42" count="12" type="stmt"/>
      <line num="45" count="12" type="stmt"/>
      <line num="47" count="12" type="cond" truecount="3" falsecount="1"/>
      <line num="48" count="0" type="stmt"/>
      <line num="49" count="12" type="cond" truecount="4" falsecount="0"/>
      <line num="50" count="2" type="stmt"/>
      <line num="51" count="10" type="cond" truecount="4" falsecount="0"/>
      <line num="52" count="2" type="stmt"/>
      <line num="56" count="8" type="cond" truecount="5" falsecount="0"/>
      <line num="58" count="8" type="cond" truecount="2" falsecount="0"/>
      <line num="60" count="8" type="cond" truecount="2" falsecount="0"/>
      <line num="62" count="8" type="cond" truecount="2" falsecount="0"/>
      <line num="64" count="8" type="stmt"/>
      <line num="69" count="0" type="stmt"/>
      <line num="74" count="8" type="cond" truecount="1" falsecount="1"/>
      <line num="75" count="8" type="cond" truecount="3" falsecount="1"/>
      <line num="76" count="8" type="cond" truecount="3" falsecount="1"/>
      <line num="77" count="8" type="cond" truecount="3" falsecount="1"/>
      <line num="78" count="8" type="cond" truecount="4" falsecount="0"/>
      <line num="79" count="7" type="cond" truecount="3" falsecount="1"/>
      <line num="80" count="7" type="cond" truecount="4" falsecount="0"/>
      <line num="81" count="6" type="cond" truecount="2" falsecount="2"/>
      <line num="82" count="6" type="cond" truecount="4" falsecount="0"/>
      <line num="83" count="5" type="cond" truecount="2" falsecount="2"/>
      <line num="84" count="5" type="cond" truecount="2" falsecount="2"/>
      <line num="85" count="5" type="cond" truecount="2" falsecount="2"/>
      <line num="86" count="5" type="cond" truecount="2" falsecount="2"/>
      <line num="87" count="5" type="cond" truecount="2" falsecount="2"/>
      <line num="88" count="5" type="cond" truecount="2" falsecount="2"/>
      <line num="89" count="5" type="cond" truecount="2" falsecount="2"/>
      <line num="90" count="5" type="cond" truecount="2" falsecount="2"/>
      <line num="91" count="5" type="cond" truecount="4" falsecount="0"/>
      <line num="92" count="4" type="cond" truecount="4" falsecount="0"/>
      <line num="93" count="3" type="cond" truecount="3" falsecount="1"/>
      <line num="94" count="3" type="cond" truecount="3" falsecount="1"/>
      <line num="95" count="3" type="cond" truecount="4" falsecount="0"/>
      <line num="96" count="2" type="cond" truecount="2" falsecount="2"/>
      <line num="97" count="2" type="cond" truecount="2" falsecount="2"/>
      <line num="98" count="2" type="cond" truecount="2" falsecount="2"/>
      <line num="99" count="2" type="cond" truecount="2" falsecount="2"/>
      <line num="100" count="2" type="cond" truecount="3" falsecount="1"/>
      <line num="101" count="0" type="cond" truecount="0" falsecount="4"/>
      <line num="102" count="0" type="cond" truecount="0" falsecount="4"/>
      <line num="103" count="0" type="cond" truecount="0" falsecount="4"/>
      <line num="104" count="0" type="cond" truecount="0" falsecount="4"/>
      <line num="105" count="0" type="cond" truecount="0" falsecount="4"/>
      <line num="106" count="0" type="cond" truecount="0" falsecount="4"/>
      <line num="107" count="0" type="cond" truecount="0" falsecount="4"/>
      <line num="108" count="0" type="cond" truecount="0" falsecount="4"/>
      <line num="109" count="0" type="stmt"/>
      <line num="113" count="1" type="stmt"/>
      <line num="116" count="1" type="cond" truecount="1" falsecount="1"/>
      <line num="117" count="1" type="stmt"/>
      <line num="118" count="0" type="cond" truecount="0" falsecount="2"/>
      <line num="119" count="0" type="stmt"/>
      <line num="121" count="0" type="stmt"/>
      <line num="124" count="1" type="cond" truecount="3" falsecount="1"/>
      <line num="125" count="0" type="stmt"/>
      <line num="128" count="1" type="stmt"/>
    </file>
  </project>
</coverage>
