{"C:\\Users\\powel\\OneDrive\\Desktop\\Projects\\MahjongFriends\\MahjongFriendsServer\\Objects\\pile.js": {"path":"C:\\Users\\powel\\OneDrive\\Desktop\\Projects\\MahjongFriends\\MahjongFriendsServer\\Objects\\pile.js","statementMap":{"0":{"start":{"line":4,"column":8},"end":{"line":4,"column":26}},"1":{"start":{"line":5,"column":8},"end":{"line":5,"column":32}},"2":{"start":{"line":9,"column":8},"end":{"line":9,"column":32}},"3":{"start":{"line":14,"column":8},"end":{"line":14,"column":38}},"4":{"start":{"line":15,"column":8},"end":{"line":17,"column":9}},"5":{"start":{"line":15,"column":21},"end":{"line":15,"column":22}},"6":{"start":{"line":16,"column":12},"end":{"line":16,"column":36}},"7":{"start":{"line":21,"column":8},"end":{"line":26,"column":9}},"8":{"start":{"line":21,"column":21},"end":{"line":21,"column":38}},"9":{"start":{"line":22,"column":29},"end":{"line":22,"column":64}},"10":{"start":{"line":23,"column":29},"end":{"line":23,"column":49}},"11":{"start":{"line":24,"column":12},"end":{"line":24,"column":48}},"12":{"start":{"line":25,"column":12},"end":{"line":25,"column":36}},"13":{"start":{"line":30,"column":8},"end":{"line":30,"column":33}},"14":{"start":{"line":34,"column":8},"end":{"line":34,"column":29}},"15":{"start":{"line":38,"column":8},"end":{"line":38,"column":46}},"16":{"start":{"line":42,"column":8},"end":{"line":44,"column":10}},"17":{"start":{"line":43,"column":12},"end":{"line":43,"column":40}},"18":{"start":{"line":48,"column":22},"end":{"line":48,"column":24}},"19":{"start":{"line":50,"column":8},"end":{"line":54,"column":9}},"20":{"start":{"line":51,"column":12},"end":{"line":53,"column":13}},"21":{"start":{"line":51,"column":25},"end":{"line":51,"column":26}},"22":{"start":{"line":52,"column":16},"end":{"line":52,"column":53}},"23":{"start":{"line":56,"column":8},"end":{"line":56,"column":22}}},"fnMap":{"0":{"name":"(anonymous_0)","decl":{"start":{"line":3,"column":4},"end":{"line":3,"column":5}},"loc":{"start":{"line":3,"column":41},"end":{"line":6,"column":5}},"line":3},"1":{"name":"(anonymous_1)","decl":{"start":{"line":8,"column":4},"end":{"line":8,"column":5}},"loc":{"start":{"line":8,"column":19},"end":{"line":10,"column":5}},"line":8},"2":{"name":"(anonymous_2)","decl":{"start":{"line":13,"column":4},"end":{"line":13,"column":5}},"loc":{"start":{"line":13,"column":16},"end":{"line":18,"column":5}},"line":13},"3":{"name":"(anonymous_3)","decl":{"start":{"line":20,"column":4},"end":{"line":20,"column":5}},"loc":{"start":{"line":20,"column":14},"end":{"line":27,"column":5}},"line":20},"4":{"name":"(anonymous_4)","decl":{"start":{"line":29,"column":4},"end":{"line":29,"column":5}},"loc":{"start":{"line":29,"column":10},"end":{"line":31,"column":5}},"line":29},"5":{"name":"(anonymous_5)","decl":{"start":{"line":33,"column":4},"end":{"line":33,"column":5}},"loc":{"start":{"line":33,"column":15},"end":{"line":35,"column":5}},"line":33},"6":{"name":"(anonymous_6)","decl":{"start":{"line":37,"column":4},"end":{"line":37,"column":5}},"loc":{"start":{"line":37,"column":20},"end":{"line":39,"column":5}},"line":37},"7":{"name":"(anonymous_7)","decl":{"start":{"line":41,"column":4},"end":{"line":41,"column":5}},"loc":{"start":{"line":41,"column":15},"end":{"line":45,"column":5}},"line":41},"8":{"name":"(anonymous_8)","decl":{"start":{"line":42,"column":24},"end":{"line":42,"column":25}},"loc":{"start":{"line":42,"column":34},"end":{"line":44,"column":9}},"line":42},"9":{"name":"(anonymous_9)","decl":{"start":{"line":47,"column":4},"end":{"line":47,"column":5}},"loc":{"start":{"line":47,"column":17},"end":{"line":57,"column":5}},"line":47}},"branchMap":{"0":{"loc":{"start":{"line":3,"column":23},"end":{"line":3,"column":39}},"type":"default-arg","locations":[{"start":{"line":3,"column":34},"end":{"line":3,"column":39}}],"line":3},"1":{"loc":{"start":{"line":50,"column":8},"end":{"line":54,"column":9}},"type":"if","locations":[{"start":{"line":50,"column":8},"end":{"line":54,"column":9}},{"start":{},"end":{}}],"line":50}},"s":{"0":1,"1":1,"2":1,"3":0,"4":0,"5":0,"6":0,"7":0,"8":0,"9":0,"10":0,"11":0,"12":0,"13":0,"14":0,"15":0,"16":0,"17":0,"18":0,"19":0,"20":0,"21":0,"22":0,"23":0},"f":{"0":1,"1":1,"2":0,"3":0,"4":0,"5":0,"6":0,"7":0,"8":0,"9":0},"b":{"0":[1],"1":[0,0]},"_coverageSchema":"1a1c01bbd47fc00a2c39e90264f33305004495a9","hash":"b7108a6bd037852cea7139cb6aa35ae870e7b0da"}
,"C:\\Users\\powel\\OneDrive\\Desktop\\Projects\\MahjongFriends\\MahjongFriendsServer\\Objects\\tile.js": {"path":"C:\\Users\\powel\\OneDrive\\Desktop\\Projects\\MahjongFriends\\MahjongFriendsServer\\Objects\\tile.js","statementMap":{"0":{"start":{"line":1,"column":25},"end":{"line":1,"column":64}},"1":{"start":{"line":2,"column":26},"end":{"line":2,"column":53}},"2":{"start":{"line":3,"column":31},"end":{"line":3,"column":65}},"3":{"start":{"line":4,"column":33},"end":{"line":4,"column":58}},"4":{"start":{"line":6,"column":33},"end":{"line":12,"column":1}},"5":{"start":{"line":14,"column":34},"end":{"line":22,"column":1}},"6":{"start":{"line":27,"column":8},"end":{"line":31,"column":9}},"7":{"start":{"line":28,"column":12},"end":{"line":28,"column":78}},"8":{"start":{"line":30,"column":12},"end":{"line":30,"column":28}},"9":{"start":{"line":33,"column":8},"end":{"line":37,"column":9}},"10":{"start":{"line":34,"column":12},"end":{"line":34,"column":78}},"11":{"start":{"line":36,"column":12},"end":{"line":36,"column":30}},"12":{"start":{"line":39,"column":8},"end":{"line":43,"column":9}},"13":{"start":{"line":40,"column":12},"end":{"line":40,"column":78}},"14":{"start":{"line":42,"column":12},"end":{"line":42,"column":30}},"15":{"start":{"line":45,"column":8},"end":{"line":45,"column":32}},"16":{"start":{"line":47,"column":8},"end":{"line":53,"column":9}},"17":{"start":{"line":48,"column":12},"end":{"line":48,"column":73}},"18":{"start":{"line":49,"column":15},"end":{"line":53,"column":9}},"19":{"start":{"line":50,"column":12},"end":{"line":50,"column":84}},"20":{"start":{"line":51,"column":15},"end":{"line":53,"column":9}},"21":{"start":{"line":52,"column":12},"end":{"line":52,"column":79}},"22":{"start":{"line":56,"column":8},"end":{"line":56,"column":148}},"23":{"start":{"line":58,"column":8},"end":{"line":58,"column":81}},"24":{"start":{"line":60,"column":8},"end":{"line":60,"column":88}},"25":{"start":{"line":62,"column":8},"end":{"line":62,"column":114}},"26":{"start":{"line":64,"column":8},"end":{"line":64,"column":71}},"27":{"start":{"line":69,"column":8},"end":{"line":69,"column":38}},"28":{"start":{"line":74,"column":4},"end":{"line":109,"column":106}},"29":{"start":{"line":74,"column":20},"end":{"line":74,"column":38}},"30":{"start":{"line":75,"column":9},"end":{"line":109,"column":106}},"31":{"start":{"line":75,"column":70},"end":{"line":75,"column":88}},"32":{"start":{"line":76,"column":9},"end":{"line":109,"column":106}},"33":{"start":{"line":76,"column":70},"end":{"line":76,"column":88}},"34":{"start":{"line":77,"column":9},"end":{"line":109,"column":106}},"35":{"start":{"line":77,"column":70},"end":{"line":77,"column":88}},"36":{"start":{"line":78,"column":9},"end":{"line":109,"column":106}},"37":{"start":{"line":78,"column":70},"end":{"line":78,"column":88}},"38":{"start":{"line":79,"column":9},"end":{"line":109,"column":106}},"39":{"start":{"line":79,"column":72},"end":{"line":79,"column":90}},"40":{"start":{"line":80,"column":9},"end":{"line":109,"column":106}},"41":{"start":{"line":80,"column":72},"end":{"line":80,"column":90}},"42":{"start":{"line":81,"column":9},"end":{"line":109,"column":106}},"43":{"start":{"line":81,"column":72},"end":{"line":81,"column":90}},"44":{"start":{"line":82,"column":9},"end":{"line":109,"column":106}},"45":{"start":{"line":82,"column":65},"end":{"line":82,"column":83}},"46":{"start":{"line":83,"column":9},"end":{"line":109,"column":106}},"47":{"start":{"line":83,"column":65},"end":{"line":83,"column":83}},"48":{"start":{"line":84,"column":9},"end":{"line":109,"column":106}},"49":{"start":{"line":84,"column":65},"end":{"line":84,"column":83}},"50":{"start":{"line":85,"column":9},"end":{"line":109,"column":106}},"51":{"start":{"line":85,"column":65},"end":{"line":85,"column":83}},"52":{"start":{"line":86,"column":9},"end":{"line":109,"column":106}},"53":{"start":{"line":86,"column":65},"end":{"line":86,"column":83}},"54":{"start":{"line":87,"column":9},"end":{"line":109,"column":106}},"55":{"start":{"line":87,"column":65},"end":{"line":87,"column":83}},"56":{"start":{"line":88,"column":9},"end":{"line":109,"column":106}},"57":{"start":{"line":88,"column":65},"end":{"line":88,"column":83}},"58":{"start":{"line":89,"column":9},"end":{"line":109,"column":106}},"59":{"start":{"line":89,"column":65},"end":{"line":89,"column":83}},"60":{"start":{"line":90,"column":9},"end":{"line":109,"column":106}},"61":{"start":{"line":90,"column":65},"end":{"line":90,"column":83}},"62":{"start":{"line":91,"column":9},"end":{"line":109,"column":106}},"63":{"start":{"line":91,"column":65},"end":{"line":91,"column":83}},"64":{"start":{"line":92,"column":9},"end":{"line":109,"column":106}},"65":{"start":{"line":92,"column":65},"end":{"line":92,"column":83}},"66":{"start":{"line":93,"column":9},"end":{"line":109,"column":106}},"67":{"start":{"line":93,"column":65},"end":{"line":93,"column":83}},"68":{"start":{"line":94,"column":9},"end":{"line":109,"column":106}},"69":{"start":{"line":94,"column":65},"end":{"line":94,"column":83}},"70":{"start":{"line":95,"column":9},"end":{"line":109,"column":106}},"71":{"start":{"line":95,"column":65},"end":{"line":95,"column":83}},"72":{"start":{"line":96,"column":9},"end":{"line":109,"column":106}},"73":{"start":{"line":96,"column":65},"end":{"line":96,"column":83}},"74":{"start":{"line":97,"column":9},"end":{"line":109,"column":106}},"75":{"start":{"line":97,"column":65},"end":{"line":97,"column":83}},"76":{"start":{"line":98,"column":9},"end":{"line":109,"column":106}},"77":{"start":{"line":98,"column":65},"end":{"line":98,"column":83}},"78":{"start":{"line":99,"column":9},"end":{"line":109,"column":106}},"79":{"start":{"line":99,"column":65},"end":{"line":99,"column":83}},"80":{"start":{"line":100,"column":9},"end":{"line":109,"column":106}},"81":{"start":{"line":100,"column":65},"end":{"line":100,"column":83}},"82":{"start":{"line":101,"column":9},"end":{"line":109,"column":106}},"83":{"start":{"line":101,"column":65},"end":{"line":101,"column":83}},"84":{"start":{"line":102,"column":9},"end":{"line":109,"column":106}},"85":{"start":{"line":102,"column":65},"end":{"line":102,"column":83}},"86":{"start":{"line":103,"column":9},"end":{"line":109,"column":106}},"87":{"start":{"line":103,"column":65},"end":{"line":103,"column":83}},"88":{"start":{"line":104,"column":9},"end":{"line":109,"column":106}},"89":{"start":{"line":104,"column":65},"end":{"line":104,"column":83}},"90":{"start":{"line":105,"column":9},"end":{"line":109,"column":106}},"91":{"start":{"line":105,"column":65},"end":{"line":105,"column":83}},"92":{"start":{"line":106,"column":9},"end":{"line":109,"column":106}},"93":{"start":{"line":106,"column":65},"end":{"line":106,"column":83}},"94":{"start":{"line":107,"column":9},"end":{"line":109,"column":106}},"95":{"start":{"line":107,"column":65},"end":{"line":107,"column":83}},"96":{"start":{"line":108,"column":9},"end":{"line":109,"column":106}},"97":{"start":{"line":108,"column":65},"end":{"line":108,"column":83}},"98":{"start":{"line":109,"column":11},"end":{"line":109,"column":104}},"99":{"start":{"line":113,"column":21},"end":{"line":113,"column":61}},"100":{"start":{"line":116,"column":4},"end":{"line":122,"column":5}},"101":{"start":{"line":117,"column":8},"end":{"line":117,"column":62}},"102":{"start":{"line":118,"column":11},"end":{"line":122,"column":5}},"103":{"start":{"line":119,"column":8},"end":{"line":119,"column":66}},"104":{"start":{"line":121,"column":8},"end":{"line":121,"column":68}},"105":{"start":{"line":124,"column":4},"end":{"line":126,"column":5}},"106":{"start":{"line":125,"column":8},"end":{"line":125,"column":35}},"107":{"start":{"line":128,"column":4},"end":{"line":128,"column":47}}},"fnMap":{"0":{"name":"(anonymous_0)","decl":{"start":{"line":26,"column":4},"end":{"line":26,"column":5}},"loc":{"start":{"line":26,"column":62},"end":{"line":65,"column":5}},"line":26},"1":{"name":"(anonymous_1)","decl":{"start":{"line":68,"column":4},"end":{"line":68,"column":5}},"loc":{"start":{"line":68,"column":15},"end":{"line":70,"column":5}},"line":68},"2":{"name":"GetUnicode","decl":{"start":{"line":73,"column":9},"end":{"line":73,"column":19}},"loc":{"start":{"line":73,"column":43},"end":{"line":110,"column":1}},"line":73},"3":{"name":"GetRandomTile","decl":{"start":{"line":112,"column":16},"end":{"line":112,"column":29}},"loc":{"start":{"line":112,"column":32},"end":{"line":129,"column":1}},"line":112}},"branchMap":{"0":{"loc":{"start":{"line":26,"column":29},"end":{"line":26,"column":42}},"type":"default-arg","locations":[{"start":{"line":26,"column":37},"end":{"line":26,"column":42}}],"line":26},"1":{"loc":{"start":{"line":26,"column":44},"end":{"line":26,"column":60}},"type":"default-arg","locations":[{"start":{"line":26,"column":55},"end":{"line":26,"column":60}}],"line":26},"2":{"loc":{"start":{"line":27,"column":8},"end":{"line":31,"column":9}},"type":"if","locations":[{"start":{"line":27,"column":8},"end":{"line":31,"column":9}},{"start":{"line":29,"column":15},"end":{"line":31,"column":9}}],"line":27},"3":{"loc":{"start":{"line":33,"column":8},"end":{"line":37,"column":9}},"type":"if","locations":[{"start":{"line":33,"column":8},"end":{"line":37,"column":9}},{"start":{"line":35,"column":15},"end":{"line":37,"column":9}}],"line":33},"4":{"loc":{"start":{"line":33,"column":12},"end":{"line":33,"column":113}},"type":"binary-expr","locations":[{"start":{"line":33,"column":12},"end":{"line":33,"column":39}},{"start":{"line":33,"column":43},"end":{"line":33,"column":75}},{"start":{"line":33,"column":79},"end":{"line":33,"column":113}}],"line":33},"5":{"loc":{"start":{"line":39,"column":8},"end":{"line":43,"column":9}},"type":"if","locations":[{"start":{"line":39,"column":8},"end":{"line":43,"column":9}},{"start":{"line":41,"column":15},"end":{"line":43,"column":9}}],"line":39},"6":{"loc":{"start":{"line":39,"column":12},"end":{"line":39,"column":32}},"type":"binary-expr","locations":[{"start":{"line":39,"column":12},"end":{"line":39,"column":17}},{"start":{"line":39,"column":21},"end":{"line":39,"column":32}}],"line":39},"7":{"loc":{"start":{"line":47,"column":8},"end":{"line":53,"column":9}},"type":"if","locations":[{"start":{"line":47,"column":8},"end":{"line":53,"column":9}},{"start":{"line":49,"column":15},"end":{"line":53,"column":9}}],"line":47},"8":{"loc":{"start":{"line":47,"column":12},"end":{"line":47,"column":85}},"type":"binary-expr","locations":[{"start":{"line":47,"column":12},"end":{"line":47,"column":69}},{"start":{"line":47,"column":73},"end":{"line":47,"column":85}}],"line":47},"9":{"loc":{"start":{"line":49,"column":15},"end":{"line":53,"column":9}},"type":"if","locations":[{"start":{"line":49,"column":15},"end":{"line":53,"column":9}},{"start":{"line":51,"column":15},"end":{"line":53,"column":9}}],"line":49},"10":{"loc":{"start":{"line":49,"column":19},"end":{"line":49,"column":76}},"type":"binary-expr","locations":[{"start":{"line":49,"column":19},"end":{"line":49,"column":40}},{"start":{"line":49,"column":44},"end":{"line":49,"column":76}}],"line":49},"11":{"loc":{"start":{"line":51,"column":15},"end":{"line":53,"column":9}},"type":"if","locations":[{"start":{"line":51,"column":15},"end":{"line":53,"column":9}},{"start":{},"end":{}}],"line":51},"12":{"loc":{"start":{"line":51,"column":19},"end":{"line":51,"column":78}},"type":"binary-expr","locations":[{"start":{"line":51,"column":19},"end":{"line":51,"column":40}},{"start":{"line":51,"column":44},"end":{"line":51,"column":78}}],"line":51},"13":{"loc":{"start":{"line":56,"column":23},"end":{"line":56,"column":148}},"type":"binary-expr","locations":[{"start":{"line":56,"column":24},"end":{"line":56,"column":50}},{"start":{"line":56,"column":54},"end":{"line":56,"column":74}},{"start":{"line":56,"column":78},"end":{"line":56,"column":89}},{"start":{"line":56,"column":95},"end":{"line":56,"column":121}},{"start":{"line":56,"column":125},"end":{"line":56,"column":147}}],"line":56},"14":{"loc":{"start":{"line":58,"column":24},"end":{"line":58,"column":80}},"type":"binary-expr","locations":[{"start":{"line":58,"column":24},"end":{"line":58,"column":50}},{"start":{"line":58,"column":54},"end":{"line":58,"column":80}}],"line":58},"15":{"loc":{"start":{"line":60,"column":27},"end":{"line":60,"column":87}},"type":"binary-expr","locations":[{"start":{"line":60,"column":27},"end":{"line":60,"column":55}},{"start":{"line":60,"column":59},"end":{"line":60,"column":87}}],"line":60},"16":{"loc":{"start":{"line":62,"column":55},"end":{"line":62,"column":113}},"type":"cond-expr","locations":[{"start":{"line":62,"column":70},"end":{"line":62,"column":100}},{"start":{"line":62,"column":103},"end":{"line":62,"column":113}}],"line":62},"17":{"loc":{"start":{"line":74,"column":4},"end":{"line":109,"column":106}},"type":"if","locations":[{"start":{"line":74,"column":4},"end":{"line":109,"column":106}},{"start":{"line":75,"column":9},"end":{"line":109,"column":106}}],"line":74},"18":{"loc":{"start":{"line":75,"column":9},"end":{"line":109,"column":106}},"type":"if","locations":[{"start":{"line":75,"column":9},"end":{"line":109,"column":106}},{"start":{"line":76,"column":9},"end":{"line":109,"column":106}}],"line":75},"19":{"loc":{"start":{"line":75,"column":13},"end":{"line":75,"column":66}},"type":"binary-expr","locations":[{"start":{"line":75,"column":13},"end":{"line":75,"column":34}},{"start":{"line":75,"column":38},"end":{"line":75,"column":66}}],"line":75},"20":{"loc":{"start":{"line":76,"column":9},"end":{"line":109,"column":106}},"type":"if","locations":[{"start":{"line":76,"column":9},"end":{"line":109,"column":106}},{"start":{"line":77,"column":9},"end":{"line":109,"column":106}}],"line":76},"21":{"loc":{"start":{"line":76,"column":13},"end":{"line":76,"column":66}},"type":"binary-expr","locations":[{"start":{"line":76,"column":13},"end":{"line":76,"column":34}},{"start":{"line":76,"column":38},"end":{"line":76,"column":66}}],"line":76},"22":{"loc":{"start":{"line":77,"column":9},"end":{"line":109,"column":106}},"type":"if","locations":[{"start":{"line":77,"column":9},"end":{"line":109,"column":106}},{"start":{"line":78,"column":9},"end":{"line":109,"column":106}}],"line":77},"23":{"loc":{"start":{"line":77,"column":13},"end":{"line":77,"column":66}},"type":"binary-expr","locations":[{"start":{"line":77,"column":13},"end":{"line":77,"column":34}},{"start":{"line":77,"column":38},"end":{"line":77,"column":66}}],"line":77},"24":{"loc":{"start":{"line":78,"column":9},"end":{"line":109,"column":106}},"type":"if","locations":[{"start":{"line":78,"column":9},"end":{"line":109,"column":106}},{"start":{"line":79,"column":9},"end":{"line":109,"column":106}}],"line":78},"25":{"loc":{"start":{"line":78,"column":13},"end":{"line":78,"column":66}},"type":"binary-expr","locations":[{"start":{"line":78,"column":13},"end":{"line":78,"column":34}},{"start":{"line":78,"column":38},"end":{"line":78,"column":66}}],"line":78},"26":{"loc":{"start":{"line":79,"column":9},"end":{"line":109,"column":106}},"type":"if","locations":[{"start":{"line":79,"column":9},"end":{"line":109,"column":106}},{"start":{"line":80,"column":9},"end":{"line":109,"column":106}}],"line":79},"27":{"loc":{"start":{"line":79,"column":13},"end":{"line":79,"column":68}},"type":"binary-expr","locations":[{"start":{"line":79,"column":13},"end":{"line":79,"column":34}},{"start":{"line":79,"column":38},"end":{"line":79,"column":68}}],"line":79},"28":{"loc":{"start":{"line":80,"column":9},"end":{"line":109,"column":106}},"type":"if","locations":[{"start":{"line":80,"column":9},"end":{"line":109,"column":106}},{"start":{"line":81,"column":9},"end":{"line":109,"column":106}}],"line":80},"29":{"loc":{"start":{"line":80,"column":13},"end":{"line":80,"column":68}},"type":"binary-expr","locations":[{"start":{"line":80,"column":13},"end":{"line":80,"column":34}},{"start":{"line":80,"column":38},"end":{"line":80,"column":68}}],"line":80},"30":{"loc":{"start":{"line":81,"column":9},"end":{"line":109,"column":106}},"type":"if","locations":[{"start":{"line":81,"column":9},"end":{"line":109,"column":106}},{"start":{"line":82,"column":9},"end":{"line":109,"column":106}}],"line":81},"31":{"loc":{"start":{"line":81,"column":13},"end":{"line":81,"column":68}},"type":"binary-expr","locations":[{"start":{"line":81,"column":13},"end":{"line":81,"column":34}},{"start":{"line":81,"column":38},"end":{"line":81,"column":68}}],"line":81},"32":{"loc":{"start":{"line":82,"column":9},"end":{"line":109,"column":106}},"type":"if","locations":[{"start":{"line":82,"column":9},"end":{"line":109,"column":106}},{"start":{"line":83,"column":9},"end":{"line":109,"column":106}}],"line":82},"33":{"loc":{"start":{"line":82,"column":13},"end":{"line":82,"column":61}},"type":"binary-expr","locations":[{"start":{"line":82,"column":13},"end":{"line":82,"column":34}},{"start":{"line":82,"column":38},"end":{"line":82,"column":61}}],"line":82},"34":{"loc":{"start":{"line":83,"column":9},"end":{"line":109,"column":106}},"type":"if","locations":[{"start":{"line":83,"column":9},"end":{"line":109,"column":106}},{"start":{"line":84,"column":9},"end":{"line":109,"column":106}}],"line":83},"35":{"loc":{"start":{"line":83,"column":13},"end":{"line":83,"column":61}},"type":"binary-expr","locations":[{"start":{"line":83,"column":13},"end":{"line":83,"column":34}},{"start":{"line":83,"column":38},"end":{"line":83,"column":61}}],"line":83},"36":{"loc":{"start":{"line":84,"column":9},"end":{"line":109,"column":106}},"type":"if","locations":[{"start":{"line":84,"column":9},"end":{"line":109,"column":106}},{"start":{"line":85,"column":9},"end":{"line":109,"column":106}}],"line":84},"37":{"loc":{"start":{"line":84,"column":13},"end":{"line":84,"column":61}},"type":"binary-expr","locations":[{"start":{"line":84,"column":13},"end":{"line":84,"column":34}},{"start":{"line":84,"column":38},"end":{"line":84,"column":61}}],"line":84},"38":{"loc":{"start":{"line":85,"column":9},"end":{"line":109,"column":106}},"type":"if","locations":[{"start":{"line":85,"column":9},"end":{"line":109,"column":106}},{"start":{"line":86,"column":9},"end":{"line":109,"column":106}}],"line":85},"39":{"loc":{"start":{"line":85,"column":13},"end":{"line":85,"column":61}},"type":"binary-expr","locations":[{"start":{"line":85,"column":13},"end":{"line":85,"column":34}},{"start":{"line":85,"column":38},"end":{"line":85,"column":61}}],"line":85},"40":{"loc":{"start":{"line":86,"column":9},"end":{"line":109,"column":106}},"type":"if","locations":[{"start":{"line":86,"column":9},"end":{"line":109,"column":106}},{"start":{"line":87,"column":9},"end":{"line":109,"column":106}}],"line":86},"41":{"loc":{"start":{"line":86,"column":13},"end":{"line":86,"column":61}},"type":"binary-expr","locations":[{"start":{"line":86,"column":13},"end":{"line":86,"column":34}},{"start":{"line":86,"column":38},"end":{"line":86,"column":61}}],"line":86},"42":{"loc":{"start":{"line":87,"column":9},"end":{"line":109,"column":106}},"type":"if","locations":[{"start":{"line":87,"column":9},"end":{"line":109,"column":106}},{"start":{"line":88,"column":9},"end":{"line":109,"column":106}}],"line":87},"43":{"loc":{"start":{"line":87,"column":13},"end":{"line":87,"column":61}},"type":"binary-expr","locations":[{"start":{"line":87,"column":13},"end":{"line":87,"column":34}},{"start":{"line":87,"column":38},"end":{"line":87,"column":61}}],"line":87},"44":{"loc":{"start":{"line":88,"column":9},"end":{"line":109,"column":106}},"type":"if","locations":[{"start":{"line":88,"column":9},"end":{"line":109,"column":106}},{"start":{"line":89,"column":9},"end":{"line":109,"column":106}}],"line":88},"45":{"loc":{"start":{"line":88,"column":13},"end":{"line":88,"column":61}},"type":"binary-expr","locations":[{"start":{"line":88,"column":13},"end":{"line":88,"column":34}},{"start":{"line":88,"column":38},"end":{"line":88,"column":61}}],"line":88},"46":{"loc":{"start":{"line":89,"column":9},"end":{"line":109,"column":106}},"type":"if","locations":[{"start":{"line":89,"column":9},"end":{"line":109,"column":106}},{"start":{"line":90,"column":9},"end":{"line":109,"column":106}}],"line":89},"47":{"loc":{"start":{"line":89,"column":13},"end":{"line":89,"column":61}},"type":"binary-expr","locations":[{"start":{"line":89,"column":13},"end":{"line":89,"column":34}},{"start":{"line":89,"column":38},"end":{"line":89,"column":61}}],"line":89},"48":{"loc":{"start":{"line":90,"column":9},"end":{"line":109,"column":106}},"type":"if","locations":[{"start":{"line":90,"column":9},"end":{"line":109,"column":106}},{"start":{"line":91,"column":9},"end":{"line":109,"column":106}}],"line":90},"49":{"loc":{"start":{"line":90,"column":13},"end":{"line":90,"column":61}},"type":"binary-expr","locations":[{"start":{"line":90,"column":13},"end":{"line":90,"column":34}},{"start":{"line":90,"column":38},"end":{"line":90,"column":61}}],"line":90},"50":{"loc":{"start":{"line":91,"column":9},"end":{"line":109,"column":106}},"type":"if","locations":[{"start":{"line":91,"column":9},"end":{"line":109,"column":106}},{"start":{"line":92,"column":9},"end":{"line":109,"column":106}}],"line":91},"51":{"loc":{"start":{"line":91,"column":13},"end":{"line":91,"column":61}},"type":"binary-expr","locations":[{"start":{"line":91,"column":13},"end":{"line":91,"column":34}},{"start":{"line":91,"column":38},"end":{"line":91,"column":61}}],"line":91},"52":{"loc":{"start":{"line":92,"column":9},"end":{"line":109,"column":106}},"type":"if","locations":[{"start":{"line":92,"column":9},"end":{"line":109,"column":106}},{"start":{"line":93,"column":9},"end":{"line":109,"column":106}}],"line":92},"53":{"loc":{"start":{"line":92,"column":13},"end":{"line":92,"column":61}},"type":"binary-expr","locations":[{"start":{"line":92,"column":13},"end":{"line":92,"column":34}},{"start":{"line":92,"column":38},"end":{"line":92,"column":61}}],"line":92},"54":{"loc":{"start":{"line":93,"column":9},"end":{"line":109,"column":106}},"type":"if","locations":[{"start":{"line":93,"column":9},"end":{"line":109,"column":106}},{"start":{"line":94,"column":9},"end":{"line":109,"column":106}}],"line":93},"55":{"loc":{"start":{"line":93,"column":13},"end":{"line":93,"column":61}},"type":"binary-expr","locations":[{"start":{"line":93,"column":13},"end":{"line":93,"column":34}},{"start":{"line":93,"column":38},"end":{"line":93,"column":61}}],"line":93},"56":{"loc":{"start":{"line":94,"column":9},"end":{"line":109,"column":106}},"type":"if","locations":[{"start":{"line":94,"column":9},"end":{"line":109,"column":106}},{"start":{"line":95,"column":9},"end":{"line":109,"column":106}}],"line":94},"57":{"loc":{"start":{"line":94,"column":13},"end":{"line":94,"column":61}},"type":"binary-expr","locations":[{"start":{"line":94,"column":13},"end":{"line":94,"column":34}},{"start":{"line":94,"column":38},"end":{"line":94,"column":61}}],"line":94},"58":{"loc":{"start":{"line":95,"column":9},"end":{"line":109,"column":106}},"type":"if","locations":[{"start":{"line":95,"column":9},"end":{"line":109,"column":106}},{"start":{"line":96,"column":9},"end":{"line":109,"column":106}}],"line":95},"59":{"loc":{"start":{"line":95,"column":13},"end":{"line":95,"column":61}},"type":"binary-expr","locations":[{"start":{"line":95,"column":13},"end":{"line":95,"column":34}},{"start":{"line":95,"column":38},"end":{"line":95,"column":61}}],"line":95},"60":{"loc":{"start":{"line":96,"column":9},"end":{"line":109,"column":106}},"type":"if","locations":[{"start":{"line":96,"column":9},"end":{"line":109,"column":106}},{"start":{"line":97,"column":9},"end":{"line":109,"column":106}}],"line":96},"61":{"loc":{"start":{"line":96,"column":13},"end":{"line":96,"column":61}},"type":"binary-expr","locations":[{"start":{"line":96,"column":13},"end":{"line":96,"column":34}},{"start":{"line":96,"column":38},"end":{"line":96,"column":61}}],"line":96},"62":{"loc":{"start":{"line":97,"column":9},"end":{"line":109,"column":106}},"type":"if","locations":[{"start":{"line":97,"column":9},"end":{"line":109,"column":106}},{"start":{"line":98,"column":9},"end":{"line":109,"column":106}}],"line":97},"63":{"loc":{"start":{"line":97,"column":13},"end":{"line":97,"column":61}},"type":"binary-expr","locations":[{"start":{"line":97,"column":13},"end":{"line":97,"column":34}},{"start":{"line":97,"column":38},"end":{"line":97,"column":61}}],"line":97},"64":{"loc":{"start":{"line":98,"column":9},"end":{"line":109,"column":106}},"type":"if","locations":[{"start":{"line":98,"column":9},"end":{"line":109,"column":106}},{"start":{"line":99,"column":9},"end":{"line":109,"column":106}}],"line":98},"65":{"loc":{"start":{"line":98,"column":13},"end":{"line":98,"column":61}},"type":"binary-expr","locations":[{"start":{"line":98,"column":13},"end":{"line":98,"column":34}},{"start":{"line":98,"column":38},"end":{"line":98,"column":61}}],"line":98},"66":{"loc":{"start":{"line":99,"column":9},"end":{"line":109,"column":106}},"type":"if","locations":[{"start":{"line":99,"column":9},"end":{"line":109,"column":106}},{"start":{"line":100,"column":9},"end":{"line":109,"column":106}}],"line":99},"67":{"loc":{"start":{"line":99,"column":13},"end":{"line":99,"column":61}},"type":"binary-expr","locations":[{"start":{"line":99,"column":13},"end":{"line":99,"column":34}},{"start":{"line":99,"column":38},"end":{"line":99,"column":61}}],"line":99},"68":{"loc":{"start":{"line":100,"column":9},"end":{"line":109,"column":106}},"type":"if","locations":[{"start":{"line":100,"column":9},"end":{"line":109,"column":106}},{"start":{"line":101,"column":9},"end":{"line":109,"column":106}}],"line":100},"69":{"loc":{"start":{"line":100,"column":13},"end":{"line":100,"column":61}},"type":"binary-expr","locations":[{"start":{"line":100,"column":13},"end":{"line":100,"column":34}},{"start":{"line":100,"column":38},"end":{"line":100,"column":61}}],"line":100},"70":{"loc":{"start":{"line":101,"column":9},"end":{"line":109,"column":106}},"type":"if","locations":[{"start":{"line":101,"column":9},"end":{"line":109,"column":106}},{"start":{"line":102,"column":9},"end":{"line":109,"column":106}}],"line":101},"71":{"loc":{"start":{"line":101,"column":13},"end":{"line":101,"column":61}},"type":"binary-expr","locations":[{"start":{"line":101,"column":13},"end":{"line":101,"column":34}},{"start":{"line":101,"column":38},"end":{"line":101,"column":61}}],"line":101},"72":{"loc":{"start":{"line":102,"column":9},"end":{"line":109,"column":106}},"type":"if","locations":[{"start":{"line":102,"column":9},"end":{"line":109,"column":106}},{"start":{"line":103,"column":9},"end":{"line":109,"column":106}}],"line":102},"73":{"loc":{"start":{"line":102,"column":13},"end":{"line":102,"column":61}},"type":"binary-expr","locations":[{"start":{"line":102,"column":13},"end":{"line":102,"column":34}},{"start":{"line":102,"column":38},"end":{"line":102,"column":61}}],"line":102},"74":{"loc":{"start":{"line":103,"column":9},"end":{"line":109,"column":106}},"type":"if","locations":[{"start":{"line":103,"column":9},"end":{"line":109,"column":106}},{"start":{"line":104,"column":9},"end":{"line":109,"column":106}}],"line":103},"75":{"loc":{"start":{"line":103,"column":13},"end":{"line":103,"column":61}},"type":"binary-expr","locations":[{"start":{"line":103,"column":13},"end":{"line":103,"column":34}},{"start":{"line":103,"column":38},"end":{"line":103,"column":61}}],"line":103},"76":{"loc":{"start":{"line":104,"column":9},"end":{"line":109,"column":106}},"type":"if","locations":[{"start":{"line":104,"column":9},"end":{"line":109,"column":106}},{"start":{"line":105,"column":9},"end":{"line":109,"column":106}}],"line":104},"77":{"loc":{"start":{"line":104,"column":13},"end":{"line":104,"column":61}},"type":"binary-expr","locations":[{"start":{"line":104,"column":13},"end":{"line":104,"column":34}},{"start":{"line":104,"column":38},"end":{"line":104,"column":61}}],"line":104},"78":{"loc":{"start":{"line":105,"column":9},"end":{"line":109,"column":106}},"type":"if","locations":[{"start":{"line":105,"column":9},"end":{"line":109,"column":106}},{"start":{"line":106,"column":9},"end":{"line":109,"column":106}}],"line":105},"79":{"loc":{"start":{"line":105,"column":13},"end":{"line":105,"column":61}},"type":"binary-expr","locations":[{"start":{"line":105,"column":13},"end":{"line":105,"column":34}},{"start":{"line":105,"column":38},"end":{"line":105,"column":61}}],"line":105},"80":{"loc":{"start":{"line":106,"column":9},"end":{"line":109,"column":106}},"type":"if","locations":[{"start":{"line":106,"column":9},"end":{"line":109,"column":106}},{"start":{"line":107,"column":9},"end":{"line":109,"column":106}}],"line":106},"81":{"loc":{"start":{"line":106,"column":13},"end":{"line":106,"column":61}},"type":"binary-expr","locations":[{"start":{"line":106,"column":13},"end":{"line":106,"column":34}},{"start":{"line":106,"column":38},"end":{"line":106,"column":61}}],"line":106},"82":{"loc":{"start":{"line":107,"column":9},"end":{"line":109,"column":106}},"type":"if","locations":[{"start":{"line":107,"column":9},"end":{"line":109,"column":106}},{"start":{"line":108,"column":9},"end":{"line":109,"column":106}}],"line":107},"83":{"loc":{"start":{"line":107,"column":13},"end":{"line":107,"column":61}},"type":"binary-expr","locations":[{"start":{"line":107,"column":13},"end":{"line":107,"column":34}},{"start":{"line":107,"column":38},"end":{"line":107,"column":61}}],"line":107},"84":{"loc":{"start":{"line":108,"column":9},"end":{"line":109,"column":106}},"type":"if","locations":[{"start":{"line":108,"column":9},"end":{"line":109,"column":106}},{"start":{"line":109,"column":9},"end":{"line":109,"column":106}}],"line":108},"85":{"loc":{"start":{"line":108,"column":13},"end":{"line":108,"column":61}},"type":"binary-expr","locations":[{"start":{"line":108,"column":13},"end":{"line":108,"column":34}},{"start":{"line":108,"column":38},"end":{"line":108,"column":61}}],"line":108},"86":{"loc":{"start":{"line":116,"column":4},"end":{"line":122,"column":5}},"type":"if","locations":[{"start":{"line":116,"column":4},"end":{"line":122,"column":5}},{"start":{"line":118,"column":11},"end":{"line":122,"column":5}}],"line":116},"87":{"loc":{"start":{"line":118,"column":11},"end":{"line":122,"column":5}},"type":"if","locations":[{"start":{"line":118,"column":11},"end":{"line":122,"column":5}},{"start":{"line":120,"column":11},"end":{"line":122,"column":5}}],"line":118},"88":{"loc":{"start":{"line":124,"column":4},"end":{"line":126,"column":5}},"type":"if","locations":[{"start":{"line":124,"column":4},"end":{"line":126,"column":5}},{"start":{},"end":{}}],"line":124},"89":{"loc":{"start":{"line":124,"column":8},"end":{"line":124,"column":44}},"type":"binary-expr","locations":[{"start":{"line":124,"column":8},"end":{"line":124,"column":25}},{"start":{"line":124,"column":29},"end":{"line":124,"column":44}}],"line":124}},"s":{"0":2,"1":2,"2":2,"3":2,"4":2,"5":2,"6":14,"7":1,"8":13,"9":13,"10":1,"11":12,"12":12,"13":0,"14":12,"15":12,"16":12,"17":0,"18":12,"19":2,"20":10,"21":2,"22":8,"23":8,"24":8,"25":8,"26":8,"27":0,"28":8,"29":0,"30":8,"31":0,"32":8,"33":0,"34":8,"35":0,"36":8,"37":1,"38":7,"39":0,"40":7,"41":1,"42":6,"43":0,"44":6,"45":1,"46":5,"47":0,"48":5,"49":0,"50":5,"51":0,"52":5,"53":0,"54":5,"55":0,"56":5,"57":0,"58":5,"59":0,"60":5,"61":0,"62":5,"63":1,"64":4,"65":1,"66":3,"67":0,"68":3,"69":0,"70":3,"71":1,"72":2,"73":0,"74":2,"75":0,"76":2,"77":0,"78":2,"79":0,"80":2,"81":2,"82":0,"83":0,"84":0,"85":0,"86":0,"87":0,"88":0,"89":0,"90":0,"91":0,"92":0,"93":0,"94":0,"95":0,"96":0,"97":0,"98":0,"99":1,"100":1,"101":1,"102":0,"103":0,"104":0,"105":1,"106":0,"107":1},"f":{"0":14,"1":0,"2":8,"3":1},"b":{"0":[13],"1":[14],"2":[1,13],"3":[1,12],"4":[13,5,3],"5":[0,12],"6":[12,1],"7":[0,12],"8":[12,6],"9":[2,10],"10":[12,3],"11":[2,8],"12":[10,3],"13":[8,3,2,7,1],"14":[8,7],"15":[8,4],"16":[2,6],"17":[0,8],"18":[0,8],"19":[8,1],"20":[0,8],"21":[8,1],"22":[0,8],"23":[8,1],"24":[1,7],"25":[8,1],"26":[0,7],"27":[7,1],"28":[1,6],"29":[7,1],"30":[0,6],"31":[6,0],"32":[1,5],"33":[6,1],"34":[0,5],"35":[5,0],"36":[0,5],"37":[5,0],"38":[0,5],"39":[5,0],"40":[0,5],"41":[5,0],"42":[0,5],"43":[5,0],"44":[0,5],"45":[5,0],"46":[0,5],"47":[5,0],"48":[0,5],"49":[5,0],"50":[1,4],"51":[5,3],"52":[1,3],"53":[4,2],"54":[0,3],"55":[3,1],"56":[0,3],"57":[3,1],"58":[1,2],"59":[3,1],"60":[0,2],"61":[2,0],"62":[0,2],"63":[2,0],"64":[0,2],"65":[2,0],"66":[0,2],"67":[2,0],"68":[2,0],"69":[2,2],"70":[0,0],"71":[0,0],"72":[0,0],"73":[0,0],"74":[0,0],"75":[0,0],"76":[0,0],"77":[0,0],"78":[0,0],"79":[0,0],"80":[0,0],"81":[0,0],"82":[0,0],"83":[0,0],"84":[0,0],"85":[0,0],"86":[1,0],"87":[0,0],"88":[0,1],"89":[1,1]},"_coverageSchema":"1a1c01bbd47fc00a2c39e90264f33305004495a9","hash":"518df581541d5307bd6b3a8d962ed1b00f352dac"}
}
