{"C:\\Users\\powel\\OneDrive\\Desktop\\Projects\\MahjongFriends\\MahjongFriendsServer\\Objects\\pile.js": {"path":"C:\\Users\\powel\\OneDrive\\Desktop\\Projects\\MahjongFriends\\MahjongFriendsServer\\Objects\\pile.js","statementMap":{"0":{"start":{"line":4,"column":8},"end":{"line":4,"column":26}},"1":{"start":{"line":5,"column":8},"end":{"line":5,"column":32}},"2":{"start":{"line":9,"column":8},"end":{"line":13,"column":9}},"3":{"start":{"line":10,"column":12},"end":{"line":12,"column":13}},"4":{"start":{"line":10,"column":25},"end":{"line":10,"column":26}},"5":{"start":{"line":11,"column":16},"end":{"line":11,"column":82}},"6":{"start":{"line":11,"column":62},"end":{"line":11,"column":82}},"7":{"start":{"line":17,"column":8},"end":{"line":17,"column":32}},"8":{"start":{"line":22,"column":8},"end":{"line":22,"column":38}},"9":{"start":{"line":23,"column":8},"end":{"line":25,"column":9}},"10":{"start":{"line":23,"column":21},"end":{"line":23,"column":22}},"11":{"start":{"line":24,"column":12},"end":{"line":24,"column":32}},"12":{"start":{"line":29,"column":8},"end":{"line":34,"column":9}},"13":{"start":{"line":29,"column":21},"end":{"line":29,"column":38}},"14":{"start":{"line":30,"column":29},"end":{"line":30,"column":64}},"15":{"start":{"line":31,"column":29},"end":{"line":31,"column":49}},"16":{"start":{"line":32,"column":12},"end":{"line":32,"column":48}},"17":{"start":{"line":33,"column":12},"end":{"line":33,"column":36}},"18":{"start":{"line":38,"column":8},"end":{"line":38,"column":33}},"19":{"start":{"line":42,"column":8},"end":{"line":42,"column":29}},"20":{"start":{"line":46,"column":8},"end":{"line":46,"column":46}},"21":{"start":{"line":50,"column":8},"end":{"line":53,"column":10}},"22":{"start":{"line":51,"column":12},"end":{"line":52,"column":40}},"23":{"start":{"line":51,"column":41},"end":{"line":51,"column":69}},"24":{"start":{"line":52,"column":17},"end":{"line":52,"column":40}}},"fnMap":{"0":{"name":"(anonymous_0)","decl":{"start":{"line":3,"column":4},"end":{"line":3,"column":5}},"loc":{"start":{"line":3,"column":46},"end":{"line":14,"column":5}},"line":3},"1":{"name":"(anonymous_1)","decl":{"start":{"line":16,"column":4},"end":{"line":16,"column":5}},"loc":{"start":{"line":16,"column":19},"end":{"line":18,"column":5}},"line":16},"2":{"name":"(anonymous_2)","decl":{"start":{"line":21,"column":4},"end":{"line":21,"column":5}},"loc":{"start":{"line":21,"column":11},"end":{"line":26,"column":5}},"line":21},"3":{"name":"(anonymous_3)","decl":{"start":{"line":28,"column":4},"end":{"line":28,"column":5}},"loc":{"start":{"line":28,"column":14},"end":{"line":35,"column":5}},"line":28},"4":{"name":"(anonymous_4)","decl":{"start":{"line":37,"column":4},"end":{"line":37,"column":5}},"loc":{"start":{"line":37,"column":10},"end":{"line":39,"column":5}},"line":37},"5":{"name":"(anonymous_5)","decl":{"start":{"line":41,"column":4},"end":{"line":41,"column":5}},"loc":{"start":{"line":41,"column":15},"end":{"line":43,"column":5}},"line":41},"6":{"name":"(anonymous_6)","decl":{"start":{"line":45,"column":4},"end":{"line":45,"column":5}},"loc":{"start":{"line":45,"column":20},"end":{"line":47,"column":5}},"line":45},"7":{"name":"(anonymous_7)","decl":{"start":{"line":49,"column":4},"end":{"line":49,"column":5}},"loc":{"start":{"line":49,"column":11},"end":{"line":54,"column":5}},"line":49},"8":{"name":"(anonymous_8)","decl":{"start":{"line":50,"column":24},"end":{"line":50,"column":25}},"loc":{"start":{"line":50,"column":34},"end":{"line":53,"column":9}},"line":50}},"branchMap":{"0":{"loc":{"start":{"line":3,"column":16},"end":{"line":3,"column":26}},"type":"default-arg","locations":[{"start":{"line":3,"column":24},"end":{"line":3,"column":26}}],"line":3},"1":{"loc":{"start":{"line":3,"column":28},"end":{"line":3,"column":44}},"type":"default-arg","locations":[{"start":{"line":3,"column":39},"end":{"line":3,"column":44}}],"line":3},"2":{"loc":{"start":{"line":9,"column":8},"end":{"line":13,"column":9}},"type":"if","locations":[{"start":{"line":9,"column":8},"end":{"line":13,"column":9}},{"start":{},"end":{}}],"line":9},"3":{"loc":{"start":{"line":11,"column":16},"end":{"line":11,"column":82}},"type":"if","locations":[{"start":{"line":11,"column":16},"end":{"line":11,"column":82}},{"start":{},"end":{}}],"line":11},"4":{"loc":{"start":{"line":51,"column":12},"end":{"line":52,"column":40}},"type":"if","locations":[{"start":{"line":51,"column":12},"end":{"line":52,"column":40}},{"start":{"line":52,"column":17},"end":{"line":52,"column":40}}],"line":51},"5":{"loc":{"start":{"line":52,"column":24},"end":{"line":52,"column":40}},"type":"cond-expr","locations":[{"start":{"line":52,"column":34},"end":{"line":52,"column":36}},{"start":{"line":52,"column":39},"end":{"line":52,"column":40}}],"line":52}},"s":{"0":14,"1":14,"2":14,"3":2,"4":2,"5":200,"6":200,"7":412,"8":2,"9":2,"10":2,"11":200,"12":1,"13":1,"14":99,"15":99,"16":99,"17":99,"18":2,"19":2,"20":2,"21":2,"22":107,"23":3,"24":104},"f":{"0":14,"1":412,"2":2,"3":1,"4":2,"5":2,"6":2,"7":2,"8":107},"b":{"0":[3],"1":[12],"2":[2,12],"3":[200,0],"4":[3,104],"5":[3,101]},"_coverageSchema":"1a1c01bbd47fc00a2c39e90264f33305004495a9","hash":"b83a185862afc1c686eaad5163e784c447f422d9"}
,"C:\\Users\\powel\\OneDrive\\Desktop\\Projects\\MahjongFriends\\MahjongFriendsServer\\Objects\\tile.js": {"path":"C:\\Users\\powel\\OneDrive\\Desktop\\Projects\\MahjongFriends\\MahjongFriendsServer\\Objects\\tile.js","statementMap":{"0":{"start":{"line":1,"column":25},"end":{"line":1,"column":64}},"1":{"start":{"line":2,"column":26},"end":{"line":2,"column":53}},"2":{"start":{"line":3,"column":31},"end":{"line":3,"column":65}},"3":{"start":{"line":4,"column":33},"end":{"line":4,"column":58}},"4":{"start":{"line":5,"column":33},"end":{"line":11,"column":1}},"5":{"start":{"line":12,"column":34},"end":{"line":20,"column":1}},"6":{"start":{"line":25,"column":8},"end":{"line":29,"column":9}},"7":{"start":{"line":26,"column":12},"end":{"line":26,"column":78}},"8":{"start":{"line":28,"column":12},"end":{"line":28,"column":28}},"9":{"start":{"line":31,"column":8},"end":{"line":35,"column":9}},"10":{"start":{"line":32,"column":12},"end":{"line":32,"column":78}},"11":{"start":{"line":34,"column":12},"end":{"line":34,"column":30}},"12":{"start":{"line":37,"column":8},"end":{"line":41,"column":9}},"13":{"start":{"line":38,"column":12},"end":{"line":38,"column":78}},"14":{"start":{"line":40,"column":12},"end":{"line":40,"column":30}},"15":{"start":{"line":43,"column":8},"end":{"line":43,"column":32}},"16":{"start":{"line":45,"column":8},"end":{"line":51,"column":9}},"17":{"start":{"line":46,"column":12},"end":{"line":46,"column":73}},"18":{"start":{"line":47,"column":15},"end":{"line":51,"column":9}},"19":{"start":{"line":48,"column":12},"end":{"line":48,"column":84}},"20":{"start":{"line":49,"column":15},"end":{"line":51,"column":9}},"21":{"start":{"line":50,"column":12},"end":{"line":50,"column":79}},"22":{"start":{"line":54,"column":8},"end":{"line":54,"column":148}},"23":{"start":{"line":56,"column":8},"end":{"line":56,"column":81}},"24":{"start":{"line":58,"column":8},"end":{"line":58,"column":88}},"25":{"start":{"line":60,"column":8},"end":{"line":60,"column":114}},"26":{"start":{"line":62,"column":8},"end":{"line":62,"column":71}},"27":{"start":{"line":67,"column":8},"end":{"line":67,"column":38}},"28":{"start":{"line":68,"column":8},"end":{"line":68,"column":71}},"29":{"start":{"line":73,"column":4},"end":{"line":108,"column":106}},"30":{"start":{"line":73,"column":20},"end":{"line":73,"column":38}},"31":{"start":{"line":74,"column":9},"end":{"line":108,"column":106}},"32":{"start":{"line":74,"column":70},"end":{"line":74,"column":88}},"33":{"start":{"line":75,"column":9},"end":{"line":108,"column":106}},"34":{"start":{"line":75,"column":70},"end":{"line":75,"column":88}},"35":{"start":{"line":76,"column":9},"end":{"line":108,"column":106}},"36":{"start":{"line":76,"column":70},"end":{"line":76,"column":88}},"37":{"start":{"line":77,"column":9},"end":{"line":108,"column":106}},"38":{"start":{"line":77,"column":70},"end":{"line":77,"column":88}},"39":{"start":{"line":78,"column":9},"end":{"line":108,"column":106}},"40":{"start":{"line":78,"column":72},"end":{"line":78,"column":90}},"41":{"start":{"line":79,"column":9},"end":{"line":108,"column":106}},"42":{"start":{"line":79,"column":72},"end":{"line":79,"column":90}},"43":{"start":{"line":80,"column":9},"end":{"line":108,"column":106}},"44":{"start":{"line":80,"column":72},"end":{"line":80,"column":90}},"45":{"start":{"line":81,"column":9},"end":{"line":108,"column":106}},"46":{"start":{"line":81,"column":65},"end":{"line":81,"column":83}},"47":{"start":{"line":82,"column":9},"end":{"line":108,"column":106}},"48":{"start":{"line":82,"column":65},"end":{"line":82,"column":83}},"49":{"start":{"line":83,"column":9},"end":{"line":108,"column":106}},"50":{"start":{"line":83,"column":65},"end":{"line":83,"column":83}},"51":{"start":{"line":84,"column":9},"end":{"line":108,"column":106}},"52":{"start":{"line":84,"column":65},"end":{"line":84,"column":83}},"53":{"start":{"line":85,"column":9},"end":{"line":108,"column":106}},"54":{"start":{"line":85,"column":65},"end":{"line":85,"column":83}},"55":{"start":{"line":86,"column":9},"end":{"line":108,"column":106}},"56":{"start":{"line":86,"column":65},"end":{"line":86,"column":83}},"57":{"start":{"line":87,"column":9},"end":{"line":108,"column":106}},"58":{"start":{"line":87,"column":65},"end":{"line":87,"column":83}},"59":{"start":{"line":88,"column":9},"end":{"line":108,"column":106}},"60":{"start":{"line":88,"column":65},"end":{"line":88,"column":83}},"61":{"start":{"line":89,"column":9},"end":{"line":108,"column":106}},"62":{"start":{"line":89,"column":65},"end":{"line":89,"column":83}},"63":{"start":{"line":90,"column":9},"end":{"line":108,"column":106}},"64":{"start":{"line":90,"column":65},"end":{"line":90,"column":83}},"65":{"start":{"line":91,"column":9},"end":{"line":108,"column":106}},"66":{"start":{"line":91,"column":65},"end":{"line":91,"column":83}},"67":{"start":{"line":92,"column":9},"end":{"line":108,"column":106}},"68":{"start":{"line":92,"column":65},"end":{"line":92,"column":83}},"69":{"start":{"line":93,"column":9},"end":{"line":108,"column":106}},"70":{"start":{"line":93,"column":65},"end":{"line":93,"column":83}},"71":{"start":{"line":94,"column":9},"end":{"line":108,"column":106}},"72":{"start":{"line":94,"column":65},"end":{"line":94,"column":83}},"73":{"start":{"line":95,"column":9},"end":{"line":108,"column":106}},"74":{"start":{"line":95,"column":65},"end":{"line":95,"column":83}},"75":{"start":{"line":96,"column":9},"end":{"line":108,"column":106}},"76":{"start":{"line":96,"column":65},"end":{"line":96,"column":83}},"77":{"start":{"line":97,"column":9},"end":{"line":108,"column":106}},"78":{"start":{"line":97,"column":65},"end":{"line":97,"column":83}},"79":{"start":{"line":98,"column":9},"end":{"line":108,"column":106}},"80":{"start":{"line":98,"column":65},"end":{"line":98,"column":83}},"81":{"start":{"line":99,"column":9},"end":{"line":108,"column":106}},"82":{"start":{"line":99,"column":65},"end":{"line":99,"column":83}},"83":{"start":{"line":100,"column":9},"end":{"line":108,"column":106}},"84":{"start":{"line":100,"column":65},"end":{"line":100,"column":83}},"85":{"start":{"line":101,"column":9},"end":{"line":108,"column":106}},"86":{"start":{"line":101,"column":65},"end":{"line":101,"column":83}},"87":{"start":{"line":102,"column":9},"end":{"line":108,"column":106}},"88":{"start":{"line":102,"column":65},"end":{"line":102,"column":83}},"89":{"start":{"line":103,"column":9},"end":{"line":108,"column":106}},"90":{"start":{"line":103,"column":65},"end":{"line":103,"column":83}},"91":{"start":{"line":104,"column":9},"end":{"line":108,"column":106}},"92":{"start":{"line":104,"column":65},"end":{"line":104,"column":83}},"93":{"start":{"line":105,"column":9},"end":{"line":108,"column":106}},"94":{"start":{"line":105,"column":65},"end":{"line":105,"column":83}},"95":{"start":{"line":106,"column":9},"end":{"line":108,"column":106}},"96":{"start":{"line":106,"column":65},"end":{"line":106,"column":83}},"97":{"start":{"line":107,"column":9},"end":{"line":108,"column":106}},"98":{"start":{"line":107,"column":65},"end":{"line":107,"column":83}},"99":{"start":{"line":108,"column":11},"end":{"line":108,"column":104}},"100":{"start":{"line":112,"column":21},"end":{"line":112,"column":61}},"101":{"start":{"line":115,"column":4},"end":{"line":121,"column":5}},"102":{"start":{"line":116,"column":8},"end":{"line":116,"column":62}},"103":{"start":{"line":117,"column":11},"end":{"line":121,"column":5}},"104":{"start":{"line":118,"column":8},"end":{"line":118,"column":66}},"105":{"start":{"line":120,"column":8},"end":{"line":120,"column":68}},"106":{"start":{"line":123,"column":4},"end":{"line":125,"column":5}},"107":{"start":{"line":124,"column":8},"end":{"line":124,"column":35}},"108":{"start":{"line":127,"column":4},"end":{"line":127,"column":47}}},"fnMap":{"0":{"name":"(anonymous_0)","decl":{"start":{"line":24,"column":4},"end":{"line":24,"column":5}},"loc":{"start":{"line":24,"column":62},"end":{"line":63,"column":5}},"line":24},"1":{"name":"(anonymous_1)","decl":{"start":{"line":66,"column":4},"end":{"line":66,"column":5}},"loc":{"start":{"line":66,"column":11},"end":{"line":69,"column":5}},"line":66},"2":{"name":"GetUnicode","decl":{"start":{"line":72,"column":9},"end":{"line":72,"column":19}},"loc":{"start":{"line":72,"column":43},"end":{"line":109,"column":1}},"line":72},"3":{"name":"GetRandomTile","decl":{"start":{"line":111,"column":16},"end":{"line":111,"column":29}},"loc":{"start":{"line":111,"column":32},"end":{"line":128,"column":1}},"line":111}},"branchMap":{"0":{"loc":{"start":{"line":24,"column":29},"end":{"line":24,"column":42}},"type":"default-arg","locations":[{"start":{"line":24,"column":37},"end":{"line":24,"column":42}}],"line":24},"1":{"loc":{"start":{"line":24,"column":44},"end":{"line":24,"column":60}},"type":"default-arg","locations":[{"start":{"line":24,"column":55},"end":{"line":24,"column":60}}],"line":24},"2":{"loc":{"start":{"line":25,"column":8},"end":{"line":29,"column":9}},"type":"if","locations":[{"start":{"line":25,"column":8},"end":{"line":29,"column":9}},{"start":{"line":27,"column":15},"end":{"line":29,"column":9}}],"line":25},"3":{"loc":{"start":{"line":31,"column":8},"end":{"line":35,"column":9}},"type":"if","locations":[{"start":{"line":31,"column":8},"end":{"line":35,"column":9}},{"start":{"line":33,"column":15},"end":{"line":35,"column":9}}],"line":31},"4":{"loc":{"start":{"line":31,"column":12},"end":{"line":31,"column":113}},"type":"binary-expr","locations":[{"start":{"line":31,"column":12},"end":{"line":31,"column":39}},{"start":{"line":31,"column":43},"end":{"line":31,"column":75}},{"start":{"line":31,"column":79},"end":{"line":31,"column":113}}],"line":31},"5":{"loc":{"start":{"line":37,"column":8},"end":{"line":41,"column":9}},"type":"if","locations":[{"start":{"line":37,"column":8},"end":{"line":41,"column":9}},{"start":{"line":39,"column":15},"end":{"line":41,"column":9}}],"line":37},"6":{"loc":{"start":{"line":37,"column":12},"end":{"line":37,"column":32}},"type":"binary-expr","locations":[{"start":{"line":37,"column":12},"end":{"line":37,"column":17}},{"start":{"line":37,"column":21},"end":{"line":37,"column":32}}],"line":37},"7":{"loc":{"start":{"line":45,"column":8},"end":{"line":51,"column":9}},"type":"if","locations":[{"start":{"line":45,"column":8},"end":{"line":51,"column":9}},{"start":{"line":47,"column":15},"end":{"line":51,"column":9}}],"line":45},"8":{"loc":{"start":{"line":45,"column":12},"end":{"line":45,"column":85}},"type":"binary-expr","locations":[{"start":{"line":45,"column":12},"end":{"line":45,"column":69}},{"start":{"line":45,"column":73},"end":{"line":45,"column":85}}],"line":45},"9":{"loc":{"start":{"line":47,"column":15},"end":{"line":51,"column":9}},"type":"if","locations":[{"start":{"line":47,"column":15},"end":{"line":51,"column":9}},{"start":{"line":49,"column":15},"end":{"line":51,"column":9}}],"line":47},"10":{"loc":{"start":{"line":47,"column":19},"end":{"line":47,"column":76}},"type":"binary-expr","locations":[{"start":{"line":47,"column":19},"end":{"line":47,"column":40}},{"start":{"line":47,"column":44},"end":{"line":47,"column":76}}],"line":47},"11":{"loc":{"start":{"line":49,"column":15},"end":{"line":51,"column":9}},"type":"if","locations":[{"start":{"line":49,"column":15},"end":{"line":51,"column":9}},{"start":{},"end":{}}],"line":49},"12":{"loc":{"start":{"line":49,"column":19},"end":{"line":49,"column":78}},"type":"binary-expr","locations":[{"start":{"line":49,"column":19},"end":{"line":49,"column":40}},{"start":{"line":49,"column":44},"end":{"line":49,"column":78}}],"line":49},"13":{"loc":{"start":{"line":54,"column":23},"end":{"line":54,"column":148}},"type":"binary-expr","locations":[{"start":{"line":54,"column":24},"end":{"line":54,"column":50}},{"start":{"line":54,"column":54},"end":{"line":54,"column":74}},{"start":{"line":54,"column":78},"end":{"line":54,"column":89}},{"start":{"line":54,"column":95},"end":{"line":54,"column":121}},{"start":{"line":54,"column":125},"end":{"line":54,"column":147}}],"line":54},"14":{"loc":{"start":{"line":56,"column":24},"end":{"line":56,"column":80}},"type":"binary-expr","locations":[{"start":{"line":56,"column":24},"end":{"line":56,"column":50}},{"start":{"line":56,"column":54},"end":{"line":56,"column":80}}],"line":56},"15":{"loc":{"start":{"line":58,"column":27},"end":{"line":58,"column":87}},"type":"binary-expr","locations":[{"start":{"line":58,"column":27},"end":{"line":58,"column":55}},{"start":{"line":58,"column":59},"end":{"line":58,"column":87}}],"line":58},"16":{"loc":{"start":{"line":60,"column":55},"end":{"line":60,"column":113}},"type":"cond-expr","locations":[{"start":{"line":60,"column":70},"end":{"line":60,"column":100}},{"start":{"line":60,"column":103},"end":{"line":60,"column":113}}],"line":60},"17":{"loc":{"start":{"line":73,"column":4},"end":{"line":108,"column":106}},"type":"if","locations":[{"start":{"line":73,"column":4},"end":{"line":108,"column":106}},{"start":{"line":74,"column":9},"end":{"line":108,"column":106}}],"line":73},"18":{"loc":{"start":{"line":74,"column":9},"end":{"line":108,"column":106}},"type":"if","locations":[{"start":{"line":74,"column":9},"end":{"line":108,"column":106}},{"start":{"line":75,"column":9},"end":{"line":108,"column":106}}],"line":74},"19":{"loc":{"start":{"line":74,"column":13},"end":{"line":74,"column":66}},"type":"binary-expr","locations":[{"start":{"line":74,"column":13},"end":{"line":74,"column":34}},{"start":{"line":74,"column":38},"end":{"line":74,"column":66}}],"line":74},"20":{"loc":{"start":{"line":75,"column":9},"end":{"line":108,"column":106}},"type":"if","locations":[{"start":{"line":75,"column":9},"end":{"line":108,"column":106}},{"start":{"line":76,"column":9},"end":{"line":108,"column":106}}],"line":75},"21":{"loc":{"start":{"line":75,"column":13},"end":{"line":75,"column":66}},"type":"binary-expr","locations":[{"start":{"line":75,"column":13},"end":{"line":75,"column":34}},{"start":{"line":75,"column":38},"end":{"line":75,"column":66}}],"line":75},"22":{"loc":{"start":{"line":76,"column":9},"end":{"line":108,"column":106}},"type":"if","locations":[{"start":{"line":76,"column":9},"end":{"line":108,"column":106}},{"start":{"line":77,"column":9},"end":{"line":108,"column":106}}],"line":76},"23":{"loc":{"start":{"line":76,"column":13},"end":{"line":76,"column":66}},"type":"binary-expr","locations":[{"start":{"line":76,"column":13},"end":{"line":76,"column":34}},{"start":{"line":76,"column":38},"end":{"line":76,"column":66}}],"line":76},"24":{"loc":{"start":{"line":77,"column":9},"end":{"line":108,"column":106}},"type":"if","locations":[{"start":{"line":77,"column":9},"end":{"line":108,"column":106}},{"start":{"line":78,"column":9},"end":{"line":108,"column":106}}],"line":77},"25":{"loc":{"start":{"line":77,"column":13},"end":{"line":77,"column":66}},"type":"binary-expr","locations":[{"start":{"line":77,"column":13},"end":{"line":77,"column":34}},{"start":{"line":77,"column":38},"end":{"line":77,"column":66}}],"line":77},"26":{"loc":{"start":{"line":78,"column":9},"end":{"line":108,"column":106}},"type":"if","locations":[{"start":{"line":78,"column":9},"end":{"line":108,"column":106}},{"start":{"line":79,"column":9},"end":{"line":108,"column":106}}],"line":78},"27":{"loc":{"start":{"line":78,"column":13},"end":{"line":78,"column":68}},"type":"binary-expr","locations":[{"start":{"line":78,"column":13},"end":{"line":78,"column":34}},{"start":{"line":78,"column":38},"end":{"line":78,"column":68}}],"line":78},"28":{"loc":{"start":{"line":79,"column":9},"end":{"line":108,"column":106}},"type":"if","locations":[{"start":{"line":79,"column":9},"end":{"line":108,"column":106}},{"start":{"line":80,"column":9},"end":{"line":108,"column":106}}],"line":79},"29":{"loc":{"start":{"line":79,"column":13},"end":{"line":79,"column":68}},"type":"binary-expr","locations":[{"start":{"line":79,"column":13},"end":{"line":79,"column":34}},{"start":{"line":79,"column":38},"end":{"line":79,"column":68}}],"line":79},"30":{"loc":{"start":{"line":80,"column":9},"end":{"line":108,"column":106}},"type":"if","locations":[{"start":{"line":80,"column":9},"end":{"line":108,"column":106}},{"start":{"line":81,"column":9},"end":{"line":108,"column":106}}],"line":80},"31":{"loc":{"start":{"line":80,"column":13},"end":{"line":80,"column":68}},"type":"binary-expr","locations":[{"start":{"line":80,"column":13},"end":{"line":80,"column":34}},{"start":{"line":80,"column":38},"end":{"line":80,"column":68}}],"line":80},"32":{"loc":{"start":{"line":81,"column":9},"end":{"line":108,"column":106}},"type":"if","locations":[{"start":{"line":81,"column":9},"end":{"line":108,"column":106}},{"start":{"line":82,"column":9},"end":{"line":108,"column":106}}],"line":81},"33":{"loc":{"start":{"line":81,"column":13},"end":{"line":81,"column":61}},"type":"binary-expr","locations":[{"start":{"line":81,"column":13},"end":{"line":81,"column":34}},{"start":{"line":81,"column":38},"end":{"line":81,"column":61}}],"line":81},"34":{"loc":{"start":{"line":82,"column":9},"end":{"line":108,"column":106}},"type":"if","locations":[{"start":{"line":82,"column":9},"end":{"line":108,"column":106}},{"start":{"line":83,"column":9},"end":{"line":108,"column":106}}],"line":82},"35":{"loc":{"start":{"line":82,"column":13},"end":{"line":82,"column":61}},"type":"binary-expr","locations":[{"start":{"line":82,"column":13},"end":{"line":82,"column":34}},{"start":{"line":82,"column":38},"end":{"line":82,"column":61}}],"line":82},"36":{"loc":{"start":{"line":83,"column":9},"end":{"line":108,"column":106}},"type":"if","locations":[{"start":{"line":83,"column":9},"end":{"line":108,"column":106}},{"start":{"line":84,"column":9},"end":{"line":108,"column":106}}],"line":83},"37":{"loc":{"start":{"line":83,"column":13},"end":{"line":83,"column":61}},"type":"binary-expr","locations":[{"start":{"line":83,"column":13},"end":{"line":83,"column":34}},{"start":{"line":83,"column":38},"end":{"line":83,"column":61}}],"line":83},"38":{"loc":{"start":{"line":84,"column":9},"end":{"line":108,"column":106}},"type":"if","locations":[{"start":{"line":84,"column":9},"end":{"line":108,"column":106}},{"start":{"line":85,"column":9},"end":{"line":108,"column":106}}],"line":84},"39":{"loc":{"start":{"line":84,"column":13},"end":{"line":84,"column":61}},"type":"binary-expr","locations":[{"start":{"line":84,"column":13},"end":{"line":84,"column":34}},{"start":{"line":84,"column":38},"end":{"line":84,"column":61}}],"line":84},"40":{"loc":{"start":{"line":85,"column":9},"end":{"line":108,"column":106}},"type":"if","locations":[{"start":{"line":85,"column":9},"end":{"line":108,"column":106}},{"start":{"line":86,"column":9},"end":{"line":108,"column":106}}],"line":85},"41":{"loc":{"start":{"line":85,"column":13},"end":{"line":85,"column":61}},"type":"binary-expr","locations":[{"start":{"line":85,"column":13},"end":{"line":85,"column":34}},{"start":{"line":85,"column":38},"end":{"line":85,"column":61}}],"line":85},"42":{"loc":{"start":{"line":86,"column":9},"end":{"line":108,"column":106}},"type":"if","locations":[{"start":{"line":86,"column":9},"end":{"line":108,"column":106}},{"start":{"line":87,"column":9},"end":{"line":108,"column":106}}],"line":86},"43":{"loc":{"start":{"line":86,"column":13},"end":{"line":86,"column":61}},"type":"binary-expr","locations":[{"start":{"line":86,"column":13},"end":{"line":86,"column":34}},{"start":{"line":86,"column":38},"end":{"line":86,"column":61}}],"line":86},"44":{"loc":{"start":{"line":87,"column":9},"end":{"line":108,"column":106}},"type":"if","locations":[{"start":{"line":87,"column":9},"end":{"line":108,"column":106}},{"start":{"line":88,"column":9},"end":{"line":108,"column":106}}],"line":87},"45":{"loc":{"start":{"line":87,"column":13},"end":{"line":87,"column":61}},"type":"binary-expr","locations":[{"start":{"line":87,"column":13},"end":{"line":87,"column":34}},{"start":{"line":87,"column":38},"end":{"line":87,"column":61}}],"line":87},"46":{"loc":{"start":{"line":88,"column":9},"end":{"line":108,"column":106}},"type":"if","locations":[{"start":{"line":88,"column":9},"end":{"line":108,"column":106}},{"start":{"line":89,"column":9},"end":{"line":108,"column":106}}],"line":88},"47":{"loc":{"start":{"line":88,"column":13},"end":{"line":88,"column":61}},"type":"binary-expr","locations":[{"start":{"line":88,"column":13},"end":{"line":88,"column":34}},{"start":{"line":88,"column":38},"end":{"line":88,"column":61}}],"line":88},"48":{"loc":{"start":{"line":89,"column":9},"end":{"line":108,"column":106}},"type":"if","locations":[{"start":{"line":89,"column":9},"end":{"line":108,"column":106}},{"start":{"line":90,"column":9},"end":{"line":108,"column":106}}],"line":89},"49":{"loc":{"start":{"line":89,"column":13},"end":{"line":89,"column":61}},"type":"binary-expr","locations":[{"start":{"line":89,"column":13},"end":{"line":89,"column":34}},{"start":{"line":89,"column":38},"end":{"line":89,"column":61}}],"line":89},"50":{"loc":{"start":{"line":90,"column":9},"end":{"line":108,"column":106}},"type":"if","locations":[{"start":{"line":90,"column":9},"end":{"line":108,"column":106}},{"start":{"line":91,"column":9},"end":{"line":108,"column":106}}],"line":90},"51":{"loc":{"start":{"line":90,"column":13},"end":{"line":90,"column":61}},"type":"binary-expr","locations":[{"start":{"line":90,"column":13},"end":{"line":90,"column":34}},{"start":{"line":90,"column":38},"end":{"line":90,"column":61}}],"line":90},"52":{"loc":{"start":{"line":91,"column":9},"end":{"line":108,"column":106}},"type":"if","locations":[{"start":{"line":91,"column":9},"end":{"line":108,"column":106}},{"start":{"line":92,"column":9},"end":{"line":108,"column":106}}],"line":91},"53":{"loc":{"start":{"line":91,"column":13},"end":{"line":91,"column":61}},"type":"binary-expr","locations":[{"start":{"line":91,"column":13},"end":{"line":91,"column":34}},{"start":{"line":91,"column":38},"end":{"line":91,"column":61}}],"line":91},"54":{"loc":{"start":{"line":92,"column":9},"end":{"line":108,"column":106}},"type":"if","locations":[{"start":{"line":92,"column":9},"end":{"line":108,"column":106}},{"start":{"line":93,"column":9},"end":{"line":108,"column":106}}],"line":92},"55":{"loc":{"start":{"line":92,"column":13},"end":{"line":92,"column":61}},"type":"binary-expr","locations":[{"start":{"line":92,"column":13},"end":{"line":92,"column":34}},{"start":{"line":92,"column":38},"end":{"line":92,"column":61}}],"line":92},"56":{"loc":{"start":{"line":93,"column":9},"end":{"line":108,"column":106}},"type":"if","locations":[{"start":{"line":93,"column":9},"end":{"line":108,"column":106}},{"start":{"line":94,"column":9},"end":{"line":108,"column":106}}],"line":93},"57":{"loc":{"start":{"line":93,"column":13},"end":{"line":93,"column":61}},"type":"binary-expr","locations":[{"start":{"line":93,"column":13},"end":{"line":93,"column":34}},{"start":{"line":93,"column":38},"end":{"line":93,"column":61}}],"line":93},"58":{"loc":{"start":{"line":94,"column":9},"end":{"line":108,"column":106}},"type":"if","locations":[{"start":{"line":94,"column":9},"end":{"line":108,"column":106}},{"start":{"line":95,"column":9},"end":{"line":108,"column":106}}],"line":94},"59":{"loc":{"start":{"line":94,"column":13},"end":{"line":94,"column":61}},"type":"binary-expr","locations":[{"start":{"line":94,"column":13},"end":{"line":94,"column":34}},{"start":{"line":94,"column":38},"end":{"line":94,"column":61}}],"line":94},"60":{"loc":{"start":{"line":95,"column":9},"end":{"line":108,"column":106}},"type":"if","locations":[{"start":{"line":95,"column":9},"end":{"line":108,"column":106}},{"start":{"line":96,"column":9},"end":{"line":108,"column":106}}],"line":95},"61":{"loc":{"start":{"line":95,"column":13},"end":{"line":95,"column":61}},"type":"binary-expr","locations":[{"start":{"line":95,"column":13},"end":{"line":95,"column":34}},{"start":{"line":95,"column":38},"end":{"line":95,"column":61}}],"line":95},"62":{"loc":{"start":{"line":96,"column":9},"end":{"line":108,"column":106}},"type":"if","locations":[{"start":{"line":96,"column":9},"end":{"line":108,"column":106}},{"start":{"line":97,"column":9},"end":{"line":108,"column":106}}],"line":96},"63":{"loc":{"start":{"line":96,"column":13},"end":{"line":96,"column":61}},"type":"binary-expr","locations":[{"start":{"line":96,"column":13},"end":{"line":96,"column":34}},{"start":{"line":96,"column":38},"end":{"line":96,"column":61}}],"line":96},"64":{"loc":{"start":{"line":97,"column":9},"end":{"line":108,"column":106}},"type":"if","locations":[{"start":{"line":97,"column":9},"end":{"line":108,"column":106}},{"start":{"line":98,"column":9},"end":{"line":108,"column":106}}],"line":97},"65":{"loc":{"start":{"line":97,"column":13},"end":{"line":97,"column":61}},"type":"binary-expr","locations":[{"start":{"line":97,"column":13},"end":{"line":97,"column":34}},{"start":{"line":97,"column":38},"end":{"line":97,"column":61}}],"line":97},"66":{"loc":{"start":{"line":98,"column":9},"end":{"line":108,"column":106}},"type":"if","locations":[{"start":{"line":98,"column":9},"end":{"line":108,"column":106}},{"start":{"line":99,"column":9},"end":{"line":108,"column":106}}],"line":98},"67":{"loc":{"start":{"line":98,"column":13},"end":{"line":98,"column":61}},"type":"binary-expr","locations":[{"start":{"line":98,"column":13},"end":{"line":98,"column":34}},{"start":{"line":98,"column":38},"end":{"line":98,"column":61}}],"line":98},"68":{"loc":{"start":{"line":99,"column":9},"end":{"line":108,"column":106}},"type":"if","locations":[{"start":{"line":99,"column":9},"end":{"line":108,"column":106}},{"start":{"line":100,"column":9},"end":{"line":108,"column":106}}],"line":99},"69":{"loc":{"start":{"line":99,"column":13},"end":{"line":99,"column":61}},"type":"binary-expr","locations":[{"start":{"line":99,"column":13},"end":{"line":99,"column":34}},{"start":{"line":99,"column":38},"end":{"line":99,"column":61}}],"line":99},"70":{"loc":{"start":{"line":100,"column":9},"end":{"line":108,"column":106}},"type":"if","locations":[{"start":{"line":100,"column":9},"end":{"line":108,"column":106}},{"start":{"line":101,"column":9},"end":{"line":108,"column":106}}],"line":100},"71":{"loc":{"start":{"line":100,"column":13},"end":{"line":100,"column":61}},"type":"binary-expr","locations":[{"start":{"line":100,"column":13},"end":{"line":100,"column":34}},{"start":{"line":100,"column":38},"end":{"line":100,"column":61}}],"line":100},"72":{"loc":{"start":{"line":101,"column":9},"end":{"line":108,"column":106}},"type":"if","locations":[{"start":{"line":101,"column":9},"end":{"line":108,"column":106}},{"start":{"line":102,"column":9},"end":{"line":108,"column":106}}],"line":101},"73":{"loc":{"start":{"line":101,"column":13},"end":{"line":101,"column":61}},"type":"binary-expr","locations":[{"start":{"line":101,"column":13},"end":{"line":101,"column":34}},{"start":{"line":101,"column":38},"end":{"line":101,"column":61}}],"line":101},"74":{"loc":{"start":{"line":102,"column":9},"end":{"line":108,"column":106}},"type":"if","locations":[{"start":{"line":102,"column":9},"end":{"line":108,"column":106}},{"start":{"line":103,"column":9},"end":{"line":108,"column":106}}],"line":102},"75":{"loc":{"start":{"line":102,"column":13},"end":{"line":102,"column":61}},"type":"binary-expr","locations":[{"start":{"line":102,"column":13},"end":{"line":102,"column":34}},{"start":{"line":102,"column":38},"end":{"line":102,"column":61}}],"line":102},"76":{"loc":{"start":{"line":103,"column":9},"end":{"line":108,"column":106}},"type":"if","locations":[{"start":{"line":103,"column":9},"end":{"line":108,"column":106}},{"start":{"line":104,"column":9},"end":{"line":108,"column":106}}],"line":103},"77":{"loc":{"start":{"line":103,"column":13},"end":{"line":103,"column":61}},"type":"binary-expr","locations":[{"start":{"line":103,"column":13},"end":{"line":103,"column":34}},{"start":{"line":103,"column":38},"end":{"line":103,"column":61}}],"line":103},"78":{"loc":{"start":{"line":104,"column":9},"end":{"line":108,"column":106}},"type":"if","locations":[{"start":{"line":104,"column":9},"end":{"line":108,"column":106}},{"start":{"line":105,"column":9},"end":{"line":108,"column":106}}],"line":104},"79":{"loc":{"start":{"line":104,"column":13},"end":{"line":104,"column":61}},"type":"binary-expr","locations":[{"start":{"line":104,"column":13},"end":{"line":104,"column":34}},{"start":{"line":104,"column":38},"end":{"line":104,"column":61}}],"line":104},"80":{"loc":{"start":{"line":105,"column":9},"end":{"line":108,"column":106}},"type":"if","locations":[{"start":{"line":105,"column":9},"end":{"line":108,"column":106}},{"start":{"line":106,"column":9},"end":{"line":108,"column":106}}],"line":105},"81":{"loc":{"start":{"line":105,"column":13},"end":{"line":105,"column":61}},"type":"binary-expr","locations":[{"start":{"line":105,"column":13},"end":{"line":105,"column":34}},{"start":{"line":105,"column":38},"end":{"line":105,"column":61}}],"line":105},"82":{"loc":{"start":{"line":106,"column":9},"end":{"line":108,"column":106}},"type":"if","locations":[{"start":{"line":106,"column":9},"end":{"line":108,"column":106}},{"start":{"line":107,"column":9},"end":{"line":108,"column":106}}],"line":106},"83":{"loc":{"start":{"line":106,"column":13},"end":{"line":106,"column":61}},"type":"binary-expr","locations":[{"start":{"line":106,"column":13},"end":{"line":106,"column":34}},{"start":{"line":106,"column":38},"end":{"line":106,"column":61}}],"line":106},"84":{"loc":{"start":{"line":107,"column":9},"end":{"line":108,"column":106}},"type":"if","locations":[{"start":{"line":107,"column":9},"end":{"line":108,"column":106}},{"start":{"line":108,"column":9},"end":{"line":108,"column":106}}],"line":107},"85":{"loc":{"start":{"line":107,"column":13},"end":{"line":107,"column":61}},"type":"binary-expr","locations":[{"start":{"line":107,"column":13},"end":{"line":107,"column":34}},{"start":{"line":107,"column":38},"end":{"line":107,"column":61}}],"line":107},"86":{"loc":{"start":{"line":115,"column":4},"end":{"line":121,"column":5}},"type":"if","locations":[{"start":{"line":115,"column":4},"end":{"line":121,"column":5}},{"start":{"line":117,"column":11},"end":{"line":121,"column":5}}],"line":115},"87":{"loc":{"start":{"line":117,"column":11},"end":{"line":121,"column":5}},"type":"if","locations":[{"start":{"line":117,"column":11},"end":{"line":121,"column":5}},{"start":{"line":119,"column":11},"end":{"line":121,"column":5}}],"line":117},"88":{"loc":{"start":{"line":123,"column":4},"end":{"line":125,"column":5}},"type":"if","locations":[{"start":{"line":123,"column":4},"end":{"line":125,"column":5}},{"start":{},"end":{}}],"line":123},"89":{"loc":{"start":{"line":123,"column":8},"end":{"line":123,"column":44}},"type":"binary-expr","locations":[{"start":{"line":123,"column":8},"end":{"line":123,"column":25}},{"start":{"line":123,"column":29},"end":{"line":123,"column":44}}],"line":123}},"s":{"0":2,"1":2,"2":2,"3":2,"4":2,"5":2,"6":1225,"7":1,"8":1224,"9":1224,"10":1,"11":1223,"12":1223,"13":1,"14":1222,"15":1222,"16":1222,"17":2,"18":1220,"19":2,"20":1218,"21":2,"22":1216,"23":1216,"24":1216,"25":1216,"26":1216,"27":402,"28":402,"29":1618,"30":302,"31":1316,"32":0,"33":1316,"34":0,"35":1316,"36":0,"37":1316,"38":1,"39":1315,"40":0,"41":1315,"42":1,"43":1314,"44":0,"45":1314,"46":1,"47":1313,"48":0,"49":1313,"50":0,"51":1313,"52":0,"53":1313,"54":0,"55":1313,"56":0,"57":1313,"58":0,"59":1313,"60":0,"61":1313,"62":0,"63":1313,"64":1,"65":1312,"66":1,"67":1311,"68":0,"69":1311,"70":0,"71":1311,"72":1,"73":1310,"74":0,"75":1310,"76":0,"77":1310,"78":0,"79":1310,"80":0,"81":1310,"82":1305,"83":5,"84":0,"85":5,"86":0,"87":5,"88":1,"89":4,"90":4,"91":0,"92":0,"93":0,"94":0,"95":0,"96":0,"97":0,"98":0,"99":0,"100":1201,"101":1201,"102":1201,"103":0,"104":0,"105":0,"106":1201,"107":0,"108":1201},"f":{"0":1225,"1":402,"2":1618,"3":1201},"b":{"0":[1220],"1":[1224],"2":[1,1224],"3":[1,1223],"4":[1224,7,4],"5":[1,1222],"6":[1223,3],"7":[2,1220],"8":[1222,1216],"9":[2,1218],"10":[1220,3],"11":[2,1216],"12":[1218,3],"13":[1216,3,2,1215,1],"14":[1216,1215],"15":[1216,9],"16":[2,1214],"17":[302,1316],"18":[0,1316],"19":[1316,1],"20":[0,1316],"21":[1316,1],"22":[0,1316],"23":[1316,1],"24":[1,1315],"25":[1316,1],"26":[0,1315],"27":[1315,1],"28":[1,1314],"29":[1315,1],"30":[0,1314],"31":[1314,0],"32":[1,1313],"33":[1314,1],"34":[0,1313],"35":[1313,0],"36":[0,1313],"37":[1313,0],"38":[0,1313],"39":[1313,0],"40":[0,1313],"41":[1313,0],"42":[0,1313],"43":[1313,0],"44":[0,1313],"45":[1313,0],"46":[0,1313],"47":[1313,0],"48":[0,1313],"49":[1313,0],"50":[1,1312],"51":[1313,3],"52":[1,1311],"53":[1312,2],"54":[0,1311],"55":[1311,1],"56":[0,1311],"57":[1311,1],"58":[1,1310],"59":[1311,1],"60":[0,1310],"61":[1310,0],"62":[0,1310],"63":[1310,0],"64":[0,1310],"65":[1310,0],"66":[0,1310],"67":[1310,0],"68":[1305,5],"69":[1310,1310],"70":[0,5],"71":[5,5],"72":[0,5],"73":[5,5],"74":[1,4],"75":[5,5],"76":[4,0],"77":[4,4],"78":[0,0],"79":[0,0],"80":[0,0],"81":[0,0],"82":[0,0],"83":[0,0],"84":[0,0],"85":[0,0],"86":[1201,0],"87":[0,0],"88":[0,1201],"89":[1201,1201]},"_coverageSchema":"1a1c01bbd47fc00a2c39e90264f33305004495a9","hash":"1a06e217cbddff96e2098de20824d763105017d2"}
}
