TN:
SF:Objects\pile.js
FN:3,(anonymous_0)
FN:8,(anonymous_1)
FN:13,(anonymous_2)
FN:20,(anonymous_3)
FN:29,(anonymous_4)
FN:33,(anonymous_5)
FN:37,(anonymous_6)
FN:41,(anonymous_7)
FN:42,(anonymous_8)
FN:47,(anonymous_9)
FNF:10
FNH:2
FNDA:1,(anonymous_0)
FNDA:1,(anonymous_1)
FNDA:0,(anonymous_2)
FNDA:0,(anonymous_3)
FNDA:0,(anonymous_4)
FNDA:0,(anonymous_5)
FNDA:0,(anonymous_6)
FNDA:0,(anonymous_7)
FNDA:0,(anonymous_8)
FNDA:0,(anonymous_9)
DA:4,1
DA:5,1
DA:9,1
DA:14,0
DA:15,0
DA:16,0
DA:21,0
DA:22,0
DA:23,0
DA:24,0
DA:25,0
DA:30,0
DA:34,0
DA:38,0
DA:42,0
DA:43,0
DA:48,0
DA:50,0
DA:51,0
DA:52,0
DA:56,0
LF:21
LH:3
BRDA:3,0,0,1
BRDA:50,1,0,0
BRDA:50,1,1,0
BRF:3
BRH:1
end_of_record
TN:
SF:Objects\tile.js
FN:26,(anonymous_0)
FN:68,(anonymous_1)
FN:73,GetUnicode
FN:112,GetRandomTile
FNF:4
FNH:3
FNDA:14,(anonymous_0)
FNDA:0,(anonymous_1)
FNDA:8,GetUnicode
FNDA:1,GetRandomTile
DA:1,2
DA:2,2
DA:3,2
DA:4,2
DA:6,2
DA:14,2
DA:27,14
DA:28,1
DA:30,13
DA:33,13
DA:34,1
DA:36,12
DA:39,12
DA:40,0
DA:42,12
DA:45,12
DA:47,12
DA:48,0
DA:49,12
DA:50,2
DA:51,10
DA:52,2
DA:56,8
DA:58,8
DA:60,8
DA:62,8
DA:64,8
DA:69,0
DA:74,8
DA:75,8
DA:76,8
DA:77,8
DA:78,8
DA:79,7
DA:80,7
DA:81,6
DA:82,6
DA:83,5
DA:84,5
DA:85,5
DA:86,5
DA:87,5
DA:88,5
DA:89,5
DA:90,5
DA:91,5
DA:92,4
DA:93,3
DA:94,3
DA:95,3
DA:96,2
DA:97,2
DA:98,2
DA:99,2
DA:100,2
DA:101,0
DA:102,0
DA:103,0
DA:104,0
DA:105,0
DA:106,0
DA:107,0
DA:108,0
DA:109,0
DA:113,1
DA:116,1
DA:117,1
DA:118,0
DA:119,0
DA:121,0
DA:124,1
DA:125,0
DA:128,1
LF:73
LH:57
BRDA:26,0,0,13
BRDA:26,1,0,14
BRDA:27,2,0,1
BRDA:27,2,1,13
BRDA:33,3,0,1
BRDA:33,3,1,12
BRDA:33,4,0,13
BRDA:33,4,1,5
BRDA:33,4,2,3
BRDA:39,5,0,0
BRDA:39,5,1,12
BRDA:39,6,0,12
BRDA:39,6,1,1
BRDA:47,7,0,0
BRDA:47,7,1,12
BRDA:47,8,0,12
BRDA:47,8,1,6
BRDA:49,9,0,2
BRDA:49,9,1,10
BRDA:49,10,0,12
BRDA:49,10,1,3
BRDA:51,11,0,2
BRDA:51,11,1,8
BRDA:51,12,0,10
BRDA:51,12,1,3
BRDA:56,13,0,8
BRDA:56,13,1,3
BRDA:56,13,2,2
BRDA:56,13,3,7
BRDA:56,13,4,1
BRDA:58,14,0,8
BRDA:58,14,1,7
BRDA:60,15,0,8
BRDA:60,15,1,4
BRDA:62,16,0,2
BRDA:62,16,1,6
BRDA:74,17,0,0
BRDA:74,17,1,8
BRDA:75,18,0,0
BRDA:75,18,1,8
BRDA:75,19,0,8
BRDA:75,19,1,1
BRDA:76,20,0,0
BRDA:76,20,1,8
BRDA:76,21,0,8
BRDA:76,21,1,1
BRDA:77,22,0,0
BRDA:77,22,1,8
BRDA:77,23,0,8
BRDA:77,23,1,1
BRDA:78,24,0,1
BRDA:78,24,1,7
BRDA:78,25,0,8
BRDA:78,25,1,1
BRDA:79,26,0,0
BRDA:79,26,1,7
BRDA:79,27,0,7
BRDA:79,27,1,1
BRDA:80,28,0,1
BRDA:80,28,1,6
BRDA:80,29,0,7
BRDA:80,29,1,1
BRDA:81,30,0,0
BRDA:81,30,1,6
BRDA:81,31,0,6
BRDA:81,31,1,0
BRDA:82,32,0,1
BRDA:82,32,1,5
BRDA:82,33,0,6
BRDA:82,33,1,1
BRDA:83,34,0,0
BRDA:83,34,1,5
BRDA:83,35,0,5
BRDA:83,35,1,0
BRDA:84,36,0,0
BRDA:84,36,1,5
BRDA:84,37,0,5
BRDA:84,37,1,0
BRDA:85,38,0,0
BRDA:85,38,1,5
BRDA:85,39,0,5
BRDA:85,39,1,0
BRDA:86,40,0,0
BRDA:86,40,1,5
BRDA:86,41,0,5
BRDA:86,41,1,0
BRDA:87,42,0,0
BRDA:87,42,1,5
BRDA:87,43,0,5
BRDA:87,43,1,0
BRDA:88,44,0,0
BRDA:88,44,1,5
BRDA:88,45,0,5
BRDA:88,45,1,0
BRDA:89,46,0,0
BRDA:89,46,1,5
BRDA:89,47,0,5
BRDA:89,47,1,0
BRDA:90,48,0,0
BRDA:90,48,1,5
BRDA:90,49,0,5
BRDA:90,49,1,0
BRDA:91,50,0,1
BRDA:91,50,1,4
BRDA:91,51,0,5
BRDA:91,51,1,3
BRDA:92,52,0,1
BRDA:92,52,1,3
BRDA:92,53,0,4
BRDA:92,53,1,2
BRDA:93,54,0,0
BRDA:93,54,1,3
BRDA:93,55,0,3
BRDA:93,55,1,1
BRDA:94,56,0,0
BRDA:94,56,1,3
BRDA:94,57,0,3
BRDA:94,57,1,1
BRDA:95,58,0,1
BRDA:95,58,1,2
BRDA:95,59,0,3
BRDA:95,59,1,1
BRDA:96,60,0,0
BRDA:96,60,1,2
BRDA:96,61,0,2
BRDA:96,61,1,0
BRDA:97,62,0,0
BRDA:97,62,1,2
BRDA:97,63,0,2
BRDA:97,63,1,0
BRDA:98,64,0,0
BRDA:98,64,1,2
BRDA:98,65,0,2
BRDA:98,65,1,0
BRDA:99,66,0,0
BRDA:99,66,1,2
BRDA:99,67,0,2
BRDA:99,67,1,0
BRDA:100,68,0,2
BRDA:100,68,1,0
BRDA:100,69,0,2
BRDA:100,69,1,2
BRDA:101,70,0,0
BRDA:101,70,1,0
BRDA:101,71,0,0
BRDA:101,71,1,0
BRDA:102,72,0,0
BRDA:102,72,1,0
BRDA:102,73,0,0
BRDA:102,73,1,0
BRDA:103,74,0,0
BRDA:103,74,1,0
BRDA:103,75,0,0
BRDA:103,75,1,0
BRDA:104,76,0,0
BRDA:104,76,1,0
BRDA:104,77,0,0
BRDA:104,77,1,0
BRDA:105,78,0,0
BRDA:105,78,1,0
BRDA:105,79,0,0
BRDA:105,79,1,0
BRDA:106,80,0,0
BRDA:106,80,1,0
BRDA:106,81,0,0
BRDA:106,81,1,0
BRDA:107,82,0,0
BRDA:107,82,1,0
BRDA:107,83,0,0
BRDA:107,83,1,0
BRDA:108,84,0,0
BRDA:108,84,1,0
BRDA:108,85,0,0
BRDA:108,85,1,0
BRDA:116,86,0,1
BRDA:116,86,1,0
BRDA:118,87,0,0
BRDA:118,87,1,0
BRDA:124,88,0,0
BRDA:124,88,1,1
BRDA:124,89,0,1
BRDA:124,89,1,1
BRF:182
BRH:110
end_of_record
