TN:
SF:Objects\pile.js
FN:3,(anonymous_0)
FN:16,(anonymous_1)
FN:21,(anonymous_2)
FN:28,(anonymous_3)
FN:37,(anonymous_4)
FN:41,(anonymous_5)
FN:45,(anonymous_6)
FN:49,(anonymous_7)
FN:50,(anonymous_8)
FNF:9
FNH:9
FNDA:14,(anonymous_0)
FNDA:412,(anonymous_1)
FNDA:2,(anonymous_2)
FNDA:1,(anonymous_3)
FNDA:2,(anonymous_4)
FNDA:2,(anonymous_5)
FNDA:2,(anonymous_6)
FNDA:2,(anonymous_7)
FNDA:107,(anonymous_8)
DA:4,14
DA:5,14
DA:9,14
DA:10,2
DA:11,200
DA:17,412
DA:22,2
DA:23,2
DA:24,200
DA:29,1
DA:30,99
DA:31,99
DA:32,99
DA:33,99
DA:38,2
DA:42,2
DA:46,2
DA:50,2
DA:51,107
DA:52,104
LF:20
LH:20
BRDA:3,0,0,3
BRDA:3,1,0,12
BRDA:9,2,0,2
BRDA:9,2,1,12
BRDA:11,3,0,200
BRDA:11,3,1,0
BRDA:51,4,0,3
BRDA:51,4,1,104
BRDA:52,5,0,3
BRDA:52,5,1,101
BRF:10
BRH:9
end_of_record
TN:
SF:Objects\tile.js
FN:24,(anonymous_0)
FN:66,(anonymous_1)
FN:72,GetUnicode
FN:111,GetRandomTile
FNF:4
FNH:4
FNDA:1225,(anonymous_0)
FNDA:402,(anonymous_1)
FNDA:1618,GetUnicode
FNDA:1201,GetRandomTile
DA:1,2
DA:2,2
DA:3,2
DA:4,2
DA:5,2
DA:12,2
DA:25,1225
DA:26,1
DA:28,1224
DA:31,1224
DA:32,1
DA:34,1223
DA:37,1223
DA:38,1
DA:40,1222
DA:43,1222
DA:45,1222
DA:46,2
DA:47,1220
DA:48,2
DA:49,1218
DA:50,2
DA:54,1216
DA:56,1216
DA:58,1216
DA:60,1216
DA:62,1216
DA:67,402
DA:68,402
DA:73,1618
DA:74,1316
DA:75,1316
DA:76,1316
DA:77,1316
DA:78,1315
DA:79,1315
DA:80,1314
DA:81,1314
DA:82,1313
DA:83,1313
DA:84,1313
DA:85,1313
DA:86,1313
DA:87,1313
DA:88,1313
DA:89,1313
DA:90,1313
DA:91,1312
DA:92,1311
DA:93,1311
DA:94,1311
DA:95,1310
DA:96,1310
DA:97,1310
DA:98,1310
DA:99,1310
DA:100,5
DA:101,5
DA:102,5
DA:103,4
DA:104,0
DA:105,0
DA:106,0
DA:107,0
DA:108,0
DA:112,1201
DA:115,1201
DA:116,1201
DA:117,0
DA:118,0
DA:120,0
DA:123,1201
DA:124,0
DA:127,1201
LF:74
LH:65
BRDA:24,0,0,1220
BRDA:24,1,0,1224
BRDA:25,2,0,1
BRDA:25,2,1,1224
BRDA:31,3,0,1
BRDA:31,3,1,1223
BRDA:31,4,0,1224
BRDA:31,4,1,7
BRDA:31,4,2,4
BRDA:37,5,0,1
BRDA:37,5,1,1222
BRDA:37,6,0,1223
BRDA:37,6,1,3
BRDA:45,7,0,2
BRDA:45,7,1,1220
BRDA:45,8,0,1222
BRDA:45,8,1,1216
BRDA:47,9,0,2
BRDA:47,9,1,1218
BRDA:47,10,0,1220
BRDA:47,10,1,3
BRDA:49,11,0,2
BRDA:49,11,1,1216
BRDA:49,12,0,1218
BRDA:49,12,1,3
BRDA:54,13,0,1216
BRDA:54,13,1,3
BRDA:54,13,2,2
BRDA:54,13,3,1215
BRDA:54,13,4,1
BRDA:56,14,0,1216
BRDA:56,14,1,1215
BRDA:58,15,0,1216
BRDA:58,15,1,9
BRDA:60,16,0,2
BRDA:60,16,1,1214
BRDA:73,17,0,302
BRDA:73,17,1,1316
BRDA:74,18,0,0
BRDA:74,18,1,1316
BRDA:74,19,0,1316
BRDA:74,19,1,1
BRDA:75,20,0,0
BRDA:75,20,1,1316
BRDA:75,21,0,1316
BRDA:75,21,1,1
BRDA:76,22,0,0
BRDA:76,22,1,1316
BRDA:76,23,0,1316
BRDA:76,23,1,1
BRDA:77,24,0,1
BRDA:77,24,1,1315
BRDA:77,25,0,1316
BRDA:77,25,1,1
BRDA:78,26,0,0
BRDA:78,26,1,1315
BRDA:78,27,0,1315
BRDA:78,27,1,1
BRDA:79,28,0,1
BRDA:79,28,1,1314
BRDA:79,29,0,1315
BRDA:79,29,1,1
BRDA:80,30,0,0
BRDA:80,30,1,1314
BRDA:80,31,0,1314
BRDA:80,31,1,0
BRDA:81,32,0,1
BRDA:81,32,1,1313
BRDA:81,33,0,1314
BRDA:81,33,1,1
BRDA:82,34,0,0
BRDA:82,34,1,1313
BRDA:82,35,0,1313
BRDA:82,35,1,0
BRDA:83,36,0,0
BRDA:83,36,1,1313
BRDA:83,37,0,1313
BRDA:83,37,1,0
BRDA:84,38,0,0
BRDA:84,38,1,1313
BRDA:84,39,0,1313
BRDA:84,39,1,0
BRDA:85,40,0,0
BRDA:85,40,1,1313
BRDA:85,41,0,1313
BRDA:85,41,1,0
BRDA:86,42,0,0
BRDA:86,42,1,1313
BRDA:86,43,0,1313
BRDA:86,43,1,0
BRDA:87,44,0,0
BRDA:87,44,1,1313
BRDA:87,45,0,1313
BRDA:87,45,1,0
BRDA:88,46,0,0
BRDA:88,46,1,1313
BRDA:88,47,0,1313
BRDA:88,47,1,0
BRDA:89,48,0,0
BRDA:89,48,1,1313
BRDA:89,49,0,1313
BRDA:89,49,1,0
BRDA:90,50,0,1
BRDA:90,50,1,1312
BRDA:90,51,0,1313
BRDA:90,51,1,3
BRDA:91,52,0,1
BRDA:91,52,1,1311
BRDA:91,53,0,1312
BRDA:91,53,1,2
BRDA:92,54,0,0
BRDA:92,54,1,1311
BRDA:92,55,0,1311
BRDA:92,55,1,1
BRDA:93,56,0,0
BRDA:93,56,1,1311
BRDA:93,57,0,1311
BRDA:93,57,1,1
BRDA:94,58,0,1
BRDA:94,58,1,1310
BRDA:94,59,0,1311
BRDA:94,59,1,1
BRDA:95,60,0,0
BRDA:95,60,1,1310
BRDA:95,61,0,1310
BRDA:95,61,1,0
BRDA:96,62,0,0
BRDA:96,62,1,1310
BRDA:96,63,0,1310
BRDA:96,63,1,0
BRDA:97,64,0,0
BRDA:97,64,1,1310
BRDA:97,65,0,1310
BRDA:97,65,1,0
BRDA:98,66,0,0
BRDA:98,66,1,1310
BRDA:98,67,0,1310
BRDA:98,67,1,0
BRDA:99,68,0,1305
BRDA:99,68,1,5
BRDA:99,69,0,1310
BRDA:99,69,1,1310
BRDA:100,70,0,0
BRDA:100,70,1,5
BRDA:100,71,0,5
BRDA:100,71,1,5
BRDA:101,72,0,0
BRDA:101,72,1,5
BRDA:101,73,0,5
BRDA:101,73,1,5
BRDA:102,74,0,1
BRDA:102,74,1,4
BRDA:102,75,0,5
BRDA:102,75,1,5
BRDA:103,76,0,4
BRDA:103,76,1,0
BRDA:103,77,0,4
BRDA:103,77,1,4
BRDA:104,78,0,0
BRDA:104,78,1,0
BRDA:104,79,0,0
BRDA:104,79,1,0
BRDA:105,80,0,0
BRDA:105,80,1,0
BRDA:105,81,0,0
BRDA:105,81,1,0
BRDA:106,82,0,0
BRDA:106,82,1,0
BRDA:106,83,0,0
BRDA:106,83,1,0
BRDA:107,84,0,0
BRDA:107,84,1,0
BRDA:107,85,0,0
BRDA:107,85,1,0
BRDA:115,86,0,1201
BRDA:115,86,1,0
BRDA:117,87,0,0
BRDA:117,87,1,0
BRDA:123,88,0,0
BRDA:123,88,1,1201
BRDA:123,89,0,1201
BRDA:123,89,1,1201
BRF:182
BRH:127
end_of_record
